{"logTime": "0430/210320", "correlationVector":"rMdXiAVmvpMxM4SmjiTSo5.134","action":"GetUpdates", "result":"DeleteReceived", "context":{"id":"53a9f4d7-95ef-4d67-805e-f5d05bd369cb", "isDeleted:":"true", "version":"1682611570930"}}
{"logTime": "0430/210320", "correlationVector":"rMdXiAVmvpMxM4SmjiTSo5.135","action":"GetUpdates", "result":"DeleteReceived", "context":{"id":"991c9eac-ff1b-493c-953a-9eecac6d41c2", "isDeleted:":"true", "version":"1682612136501"}}
{"logTime": "0430/210320", "correlationVector":"rMdXiAVmvpMxM4SmjiTSo5.136","action":"GetUpdates", "result":"DeleteReceived", "context":{"id":"78a3940a-87d3-48c7-ad47-3efefe1c4a36", "isDeleted:":"true", "version":"1682612136502"}}
{"logTime": "0430/210320", "correlationVector":"rMdXiAVmvpMxM4SmjiTSo5.137","action":"GetUpdates", "result":"DeleteReceived", "context":{"id":"ad2b9973-d97c-4a95-83c5-798ccef16eff", "isDeleted:":"true", "version":"1682612136504"}}
{"logTime": "0430/210320", "correlationVector":"rMdXiAVmvpMxM4SmjiTSo5.138","action":"GetUpdates", "result":"DeleteReceived", "context":{"id":"efa2f0ef-17f8-4beb-a513-b607bebc8bd9", "isDeleted:":"true", "version":"1682612247621"}}
{"logTime": "0430/210320", "correlationVector":"rMdXiAVmvpMxM4SmjiTSo5.139","action":"GetUpdates", "result":"DeleteReceived", "context":{"id":"97cbe6e5-71f7-481d-813f-be363ebd9e62", "isDeleted:":"true", "version":"1682612733015"}}
{"logTime": "0430/210320", "correlationVector":"rMdXiAVmvpMxM4SmjiTSo5.140","action":"GetUpdates", "result":"DeleteReceived", "context":{"id":"cbdcc54a-27ba-4dcd-861f-aaaf5acebed7", "isDeleted:":"true", "version":"1682612985678"}}
{"logTime": "0430/210320", "correlationVector":"rMdXiAVmvpMxM4SmjiTSo5.141","action":"GetUpdates", "result":"DeleteReceived", "context":{"id":"c618228d-8c75-431f-a46e-6c11cf149cea", "isDeleted:":"true", "version":"1682613202553"}}
{"logTime": "0430/210320", "correlationVector":"rMdXiAVmvpMxM4SmjiTSo5.142","action":"GetUpdates", "result":"DeleteReceived", "context":{"id":"6cafb01b-6758-417c-b230-50675af899a6", "isDeleted:":"true", "version":"1682613202554"}}
{"logTime": "0430/210320", "correlationVector":"rMdXiAVmvpMxM4SmjiTSo5.143","action":"GetUpdates", "result":"DeleteReceived", "context":{"id":"928f9f26-6491-4195-8493-1430cf5e6f7a", "isDeleted:":"true", "version":"1682617513578"}}
{"logTime": "0430/210320", "correlationVector":"rMdXiAVmvpMxM4SmjiTSo5.144","action":"GetUpdates", "result":"DeleteReceived", "context":{"id":"13d981dc-c01e-4a3c-a5e9-b61a1e394ceb", "isDeleted:":"true", "version":"1682617513579"}}
{"logTime": "0430/210320", "correlationVector":"rMdXiAVmvpMxM4SmjiTSo5.145","action":"GetUpdates", "result":"DeleteReceived", "context":{"id":"28d42f2f-334a-4ee8-91cc-92a3f3138157", "isDeleted:":"true", "version":"1682617513580"}}
{"logTime": "0430/210320", "correlationVector":"rMdXiAVmvpMxM4SmjiTSo5.146","action":"GetUpdates", "result":"DeleteReceived", "context":{"id":"4f8ec398-deb3-4a43-b043-0ac1a1cac53d", "isDeleted:":"true", "version":"1682617513581"}}
{"logTime": "0430/210320", "correlationVector":"rMdXiAVmvpMxM4SmjiTSo5.147","action":"GetUpdates", "result":"DeleteReceived", "context":{"id":"f3b5543f-7f02-4114-9141-a01684d3dbd3", "isDeleted:":"true", "version":"1682617513582"}}
{"logTime": "0430/210320", "correlationVector":"rMdXiAVmvpMxM4SmjiTSo5.148","action":"GetUpdates", "result":"DeleteReceived", "context":{"id":"46577dab-73b1-4384-998e-ed8b4340a576", "isDeleted:":"true", "version":"1682617513584"}}
{"logTime": "0430/210320", "correlationVector":"rMdXiAVmvpMxM4SmjiTSo5.149","action":"GetUpdates", "result":"DeleteReceived", "context":{"id":"6189847e-155c-4c40-af56-91c209cbdf72", "isDeleted:":"true", "version":"1682617513585"}}
{"logTime": "0430/210320", "correlationVector":"rMdXiAVmvpMxM4SmjiTSo5.150","action":"GetUpdates", "result":"DeleteReceived", "context":{"id":"19edf69a-abdc-4400-8f5d-390be59d2977", "isDeleted:":"true", "version":"1682617513586"}}
{"logTime": "0430/210320", "correlationVector":"rMdXiAVmvpMxM4SmjiTSo5.151","action":"GetUpdates", "result":"DeleteReceived", "context":{"id":"c598dce1-65ba-4c4e-90ed-fc1f30035456", "isDeleted:":"true", "version":"1682617840808"}}
{"logTime": "0430/210320", "correlationVector":"rMdXiAVmvpMxM4SmjiTSo5.152","action":"GetUpdates", "result":"DeleteReceived", "context":{"id":"e8865947-0cf6-4563-8425-2c3d95e9b844", "isDeleted:":"true", "version":"1682617840811"}}
{"logTime": "0430/210320", "correlationVector":"rMdXiAVmvpMxM4SmjiTSo5.153","action":"GetUpdates", "result":"DeleteReceived", "context":{"id":"a7883882-ebd8-44f2-8c05-0b274344a690", "isDeleted:":"true", "version":"1682617942308"}}
{"logTime": "0430/210320", "correlationVector":"rMdXiAVmvpMxM4SmjiTSo5.154","action":"GetUpdates", "result":"DeleteReceived", "context":{"id":"6660b74b-fbb9-472e-94ef-b6e1e82f4140", "isDeleted:":"true", "version":"1682618228410"}}
{"logTime": "0430/210320", "correlationVector":"rMdXiAVmvpMxM4SmjiTSo5.155","action":"GetUpdates", "result":"DeleteReceived", "context":{"id":"f6940329-7f4d-4995-8063-9dc7cd5e3488", "isDeleted:":"true", "version":"1682618843432"}}
{"logTime": "0430/210320", "correlationVector":"rMdXiAVmvpMxM4SmjiTSo5.156","action":"GetUpdates", "result":"DeleteReceived", "context":{"id":"2756ec35-a0f2-46a4-a7bd-60a6924d56d1", "isDeleted:":"true", "version":"1682619068469"}}
{"logTime": "0430/210320", "correlationVector":"rMdXiAVmvpMxM4SmjiTSo5.157","action":"GetUpdates", "result":"DeleteReceived", "context":{"id":"15f3cac4-2cad-4dda-a831-38df29c7c80e", "isDeleted:":"true", "version":"1682620639081"}}
{"logTime": "0430/210320", "correlationVector":"rMdXiAVmvpMxM4SmjiTSo5.158","action":"GetUpdates", "result":"DeleteReceived", "context":{"id":"625dca0d-48d1-468f-89fb-53b06d2aeaed", "isDeleted:":"true", "version":"1682620639082"}}
{"logTime": "0430/210320", "correlationVector":"rMdXiAVmvpMxM4SmjiTSo5.159","action":"GetUpdates", "result":"DeleteReceived", "context":{"id":"3b0dbce4-e89f-4368-b691-aa49f35d69dd", "isDeleted:":"true", "version":"1682621097539"}}
{"logTime": "0430/210320", "correlationVector":"rMdXiAVmvpMxM4SmjiTSo5.160","action":"GetUpdates", "result":"DeleteReceived", "context":{"id":"34c34d58-264e-48bf-ba2c-bbb24be71776", "isDeleted:":"true", "version":"1682621097541"}}
{"logTime": "0430/210320", "correlationVector":"rMdXiAVmvpMxM4SmjiTSo5.161","action":"GetUpdates", "result":"DeleteReceived", "context":{"id":"a26e3f9e-75e9-4582-9745-9df4aa689682", "isDeleted:":"true", "version":"1682621129601"}}
{"logTime": "0430/210320", "correlationVector":"rMdXiAVmvpMxM4SmjiTSo5.162","action":"GetUpdates", "result":"DeleteReceived", "context":{"id":"75427479-20e3-4329-b37a-50e69480e85a", "isDeleted:":"true", "version":"1682621191356"}}
{"logTime": "0430/210320", "correlationVector":"rMdXiAVmvpMxM4SmjiTSo5.163","action":"GetUpdates", "result":"DeleteReceived", "context":{"id":"08ec34ca-64a9-4781-aaa1-7f4885026db6", "isDeleted:":"true", "version":"1682621254186"}}
{"logTime": "0430/210320", "correlationVector":"rMdXiAVmvpMxM4SmjiTSo5.164","action":"GetUpdates", "result":"DeleteReceived", "context":{"id":"8fa0a4d6-2d64-46f9-90f0-594db9385a37", "isDeleted:":"true", "version":"1682621289204"}}
{"logTime": "0430/210320", "correlationVector":"rMdXiAVmvpMxM4SmjiTSo5.165","action":"GetUpdates", "result":"DeleteReceived", "context":{"id":"94f5b9f3-60a4-45b3-86d7-f5fd3f06c18c", "isDeleted:":"true", "version":"1682621857361"}}
{"logTime": "0430/210320", "correlationVector":"rMdXiAVmvpMxM4SmjiTSo5.166","action":"GetUpdates", "result":"DeleteReceived", "context":{"id":"e0672f80-90bc-40a6-866c-11b5fac87efd", "isDeleted:":"true", "version":"1682621858839"}}
{"logTime": "0430/210320", "correlationVector":"rMdXiAVmvpMxM4SmjiTSo5.167","action":"GetUpdates", "result":"DeleteReceived", "context":{"id":"459e8b05-6ce6-4c48-a9d0-e5c65e9eb667", "isDeleted:":"true", "version":"1682621941398"}}
{"logTime": "0430/210320", "correlationVector":"rMdXiAVmvpMxM4SmjiTSo5.168","action":"GetUpdates", "result":"DeleteReceived", "context":{"id":"6c4a6c61-04fa-4f31-be60-515f232e4f58", "isDeleted:":"true", "version":"1682621972165"}}
{"logTime": "0430/210320", "correlationVector":"rMdXiAVmvpMxM4SmjiTSo5.169","action":"GetUpdates", "result":"DeleteReceived", "context":{"id":"af44cc2a-87e6-4d53-a77e-261c268bb2fb", "isDeleted:":"true", "version":"1682622356673"}}
{"logTime": "0430/210320", "correlationVector":"rMdXiAVmvpMxM4SmjiTSo5.170","action":"GetUpdates", "result":"DeleteReceived", "context":{"id":"4ca92ae1-e99f-41bb-ab7d-c83599cb7fa9", "isDeleted:":"true", "version":"1682622586992"}}
{"logTime": "0430/210320", "correlationVector":"rMdXiAVmvpMxM4SmjiTSo5.171","action":"GetUpdates", "result":"DeleteReceived", "context":{"id":"8ee24ded-cb53-4118-9a6c-d96e944038c4", "isDeleted:":"true", "version":"1682622618454"}}
{"logTime": "0430/210320", "correlationVector":"rMdXiAVmvpMxM4SmjiTSo5.172","action":"GetUpdates", "result":"DeleteReceived", "context":{"id":"e341a653-6eda-4889-90e0-57e90f065f43", "isDeleted:":"true", "version":"1682622870788"}}
{"logTime": "0430/210320", "correlationVector":"rMdXiAVmvpMxM4SmjiTSo5.173","action":"GetUpdates", "result":"DeleteReceived", "context":{"id":"2a1c8e4b-5adb-4530-8155-62a078c26aaa", "isDeleted:":"true", "version":"1682622870790"}}
{"logTime": "0430/210320", "correlationVector":"rMdXiAVmvpMxM4SmjiTSo5.174","action":"GetUpdates", "result":"DeleteReceived", "context":{"id":"78f38959-736b-4397-9ab4-985d9c1709ee", "isDeleted:":"true", "version":"1682622870791"}}
{"logTime": "0430/210320", "correlationVector":"rMdXiAVmvpMxM4SmjiTSo5.175","action":"GetUpdates", "result":"DeleteReceived", "context":{"id":"72628d5c-747f-475f-838f-0884ba4ae27b", "isDeleted:":"true", "version":"1682622870792"}}
{"logTime": "0430/210320", "correlationVector":"rMdXiAVmvpMxM4SmjiTSo5.176","action":"GetUpdates", "result":"DeleteReceived", "context":{"id":"7a1d0960-2b81-4de3-856e-5fe8d84bf64f", "isDeleted:":"true", "version":"1682622870794"}}
{"logTime": "0430/210320", "correlationVector":"rMdXiAVmvpMxM4SmjiTSo5.177","action":"GetUpdates", "result":"DeleteReceived", "context":{"id":"6ba20a27-1ec3-429d-92b3-e4097272a851", "isDeleted:":"true", "version":"1682623244199"}}
{"logTime": "0430/210320", "correlationVector":"rMdXiAVmvpMxM4SmjiTSo5.178","action":"GetUpdates", "result":"DeleteReceived", "context":{"id":"9263dd2b-a586-4d3f-a089-34e178baa1c6", "isDeleted:":"true", "version":"1682623244201"}}
{"logTime": "0430/210320", "correlationVector":"rMdXiAVmvpMxM4SmjiTSo5.179","action":"GetUpdates", "result":"DeleteReceived", "context":{"id":"7a1bc351-43d2-4e6d-9647-aa9e4641badd", "isDeleted:":"true", "version":"1682623315474"}}
{"logTime": "0430/210320", "correlationVector":"rMdXiAVmvpMxM4SmjiTSo5.180","action":"GetUpdates", "result":"DeleteReceived", "context":{"id":"e74ce46a-15f2-4c4e-9135-63c33eed142e", "isDeleted:":"true", "version":"1682623380910"}}
{"logTime": "0430/210320", "correlationVector":"rMdXiAVmvpMxM4SmjiTSo5.181","action":"GetUpdates", "result":"DeleteReceived", "context":{"id":"cb3b8deb-7989-4652-8bb5-d48b7a9e9e78", "isDeleted:":"true", "version":"1682623434119"}}
{"logTime": "0430/210320", "correlationVector":"rMdXiAVmvpMxM4SmjiTSo5.182","action":"GetUpdates", "result":"DeleteReceived", "context":{"id":"eef11641-3e4b-42d7-847c-73d67dbc8b65", "isDeleted:":"true", "version":"1682623434121"}}
{"logTime": "0430/210320", "correlationVector":"rMdXiAVmvpMxM4SmjiTSo5.183","action":"GetUpdates", "result":"DeleteReceived", "context":{"id":"9ed64e99-72f3-4e64-93ed-058a09aa6875", "isDeleted:":"true", "version":"1682623730002"}}
{"logTime": "0430/210320", "correlationVector":"rMdXiAVmvpMxM4SmjiTSo5.184","action":"GetUpdates", "result":"DeleteReceived", "context":{"id":"128a29fd-a82e-48b7-90d1-4bd90e9b682f", "isDeleted:":"true", "version":"1682661209770"}}
{"logTime": "0430/210320", "correlationVector":"rMdXiAVmvpMxM4SmjiTSo5.185","action":"GetUpdates", "result":"DeleteReceived", "context":{"id":"a9abef26-9963-4444-9bb0-df959550f1a6", "isDeleted:":"true", "version":"1682661209773"}}
{"logTime": "0430/210320", "correlationVector":"rMdXiAVmvpMxM4SmjiTSo5.186","action":"GetUpdates", "result":"DeleteReceived", "context":{"id":"deeb4238-6ece-481c-a00f-32d4f6d3f50d", "isDeleted:":"true", "version":"1682664121197"}}
{"logTime": "0430/210320", "correlationVector":"rMdXiAVmvpMxM4SmjiTSo5.187","action":"GetUpdates", "result":"DeleteReceived", "context":{"id":"996f8bfe-06d0-4a4a-8370-09db810ce8e2", "isDeleted:":"true", "version":"1682664121198"}}
{"logTime": "0430/210320", "correlationVector":"rMdXiAVmvpMxM4SmjiTSo5.188","action":"GetUpdates", "result":"DeleteReceived", "context":{"id":"bfce13a5-08c6-4ae7-9bfc-72d92d7fbc15", "isDeleted:":"true", "version":"1682664121200"}}
{"logTime": "0430/210320", "correlationVector":"rMdXiAVmvpMxM4SmjiTSo5.189","action":"GetUpdates", "result":"DeleteReceived", "context":{"id":"cdbcb9d5-0fc3-4dcc-bc6a-341d3b4db0c7", "isDeleted:":"true", "version":"1682666179158"}}
{"logTime": "0430/210320", "correlationVector":"rMdXiAVmvpMxM4SmjiTSo5.190","action":"GetUpdates", "result":"DeleteReceived", "context":{"id":"1bf7b946-709b-4eef-8bf8-09c6c6bfff49", "isDeleted:":"true", "version":"1682666179159"}}
{"logTime": "0430/210320", "correlationVector":"rMdXiAVmvpMxM4SmjiTSo5.191","action":"GetUpdates", "result":"DeleteReceived", "context":{"id":"dbfb4ba1-1259-443b-87ef-684c6a4a6899", "isDeleted:":"true", "version":"1682666179161"}}
{"logTime": "0430/210320", "correlationVector":"rMdXiAVmvpMxM4SmjiTSo5.192","action":"GetUpdates", "result":"DeleteReceived", "context":{"id":"bbf9ef29-30dd-4bf7-969c-ff9c536ecd3f", "isDeleted:":"true", "version":"1682668904029"}}
{"logTime": "0430/210320", "correlationVector":"rMdXiAVmvpMxM4SmjiTSo5.193","action":"GetUpdates", "result":"DeleteReceived", "context":{"id":"54d0d9b0-3db5-46a4-81a3-8af3c0be7696", "isDeleted:":"true", "version":"1682668904031"}}
{"logTime": "0430/210320", "correlationVector":"rMdXiAVmvpMxM4SmjiTSo5.194","action":"GetUpdates", "result":"DeleteReceived", "context":{"id":"3fb4f7e0-8f62-4370-a1ff-100f52420139", "isDeleted:":"true", "version":"1682668904033"}}
{"logTime": "0430/210320", "correlationVector":"rMdXiAVmvpMxM4SmjiTSo5.195","action":"GetUpdates", "result":"DeleteReceived", "context":{"id":"31d8d093-d240-41ad-8b30-e1ea56ab3720", "isDeleted:":"true", "version":"1682668904034"}}
{"logTime": "0430/210320", "correlationVector":"rMdXiAVmvpMxM4SmjiTSo5.196","action":"GetUpdates", "result":"DeleteReceived", "context":{"id":"8b7007aa-d8a6-4715-bc80-5bf040e7ba24", "isDeleted:":"true", "version":"1682669378204"}}
{"logTime": "0430/210320", "correlationVector":"rMdXiAVmvpMxM4SmjiTSo5.197","action":"GetUpdates", "result":"DeleteReceived", "context":{"id":"391c5c08-aff6-4bea-95ec-7c09ee9f1ce0", "isDeleted:":"true", "version":"1682669410880"}}
{"logTime": "0430/210320", "correlationVector":"rMdXiAVmvpMxM4SmjiTSo5.198","action":"GetUpdates", "result":"DeleteReceived", "context":{"id":"f6bc0162-9097-4e8b-a1f4-a607ce26a3cf", "isDeleted:":"true", "version":"1682669586801"}}
{"logTime": "0430/210320", "correlationVector":"rMdXiAVmvpMxM4SmjiTSo5.199","action":"GetUpdates", "result":"DeleteReceived", "context":{"id":"a7594dcf-c33c-471e-8e26-e57398b70af7", "isDeleted:":"true", "version":"1682670501737"}}
{"logTime": "0430/210320", "correlationVector":"rMdXiAVmvpMxM4SmjiTSo5.200","action":"GetUpdates", "result":"DeleteReceived", "context":{"id":"c921ad9c-aa2c-44d3-aae3-5eacf4469929", "isDeleted:":"true", "version":"1682670501740"}}
{"logTime": "0430/210320", "correlationVector":"rMdXiAVmvpMxM4SmjiTSo5.201","action":"GetUpdates", "result":"DeleteReceived", "context":{"id":"def6b64e-8da6-4b8d-a87d-bc2291aab066", "isDeleted:":"true", "version":"1682670532605"}}
{"logTime": "0430/210320", "correlationVector":"rMdXiAVmvpMxM4SmjiTSo5.202","action":"GetUpdates", "result":"DeleteReceived", "context":{"id":"5cabde38-92f7-4d6a-a68c-34c3538f82e9", "isDeleted:":"true", "version":"1682670532607"}}
{"logTime": "0430/210320", "correlationVector":"rMdXiAVmvpMxM4SmjiTSo5.203","action":"GetUpdates", "result":"DeleteReceived", "context":{"id":"8c107e4e-dc57-475c-a319-06c6f10efcd8", "isDeleted:":"true", "version":"1682670665078"}}
{"logTime": "0430/210320", "correlationVector":"rMdXiAVmvpMxM4SmjiTSo5.204","action":"GetUpdates", "result":"DeleteReceived", "context":{"id":"71c575d4-6260-4aea-926a-1302b3a926a9", "isDeleted:":"true", "version":"1682670789365"}}
{"logTime": "0430/210320", "correlationVector":"rMdXiAVmvpMxM4SmjiTSo5.205","action":"GetUpdates", "result":"DeleteReceived", "context":{"id":"130f8d9d-c2a7-435d-8f74-be4178ef5c06", "isDeleted:":"true", "version":"1682670789366"}}
{"logTime": "0430/210320", "correlationVector":"rMdXiAVmvpMxM4SmjiTSo5.206","action":"GetUpdates", "result":"DeleteReceived", "context":{"id":"729eef26-861e-4be4-acba-6021d247b30d", "isDeleted:":"true", "version":"1682672400654"}}
{"logTime": "0430/210320", "correlationVector":"rMdXiAVmvpMxM4SmjiTSo5.207","action":"GetUpdates", "result":"DeleteReceived", "context":{"id":"e878ca10-d716-4813-8698-a6162fddb8c9", "isDeleted:":"true", "version":"1682672475651"}}
{"logTime": "0430/210320", "correlationVector":"rMdXiAVmvpMxM4SmjiTSo5.208","action":"GetUpdates", "result":"DeleteReceived", "context":{"id":"346386ec-e004-408e-8c36-ec63982d1767", "isDeleted:":"true", "version":"1682672784063"}}
{"logTime": "0430/210320", "correlationVector":"rMdXiAVmvpMxM4SmjiTSo5.209","action":"GetUpdates", "result":"DeleteReceived", "context":{"id":"58a4837f-35ae-44fb-87bc-0c6c6eade3ba", "isDeleted:":"true", "version":"1682672933855"}}
{"logTime": "0430/210320", "correlationVector":"rMdXiAVmvpMxM4SmjiTSo5.210","action":"GetUpdates", "result":"DeleteReceived", "context":{"id":"d27a90a4-750d-4089-9512-2845534f901c", "isDeleted:":"true", "version":"1682672974535"}}
{"logTime": "0430/210320", "correlationVector":"rMdXiAVmvpMxM4SmjiTSo5.211","action":"GetUpdates", "result":"DeleteReceived", "context":{"id":"5ee52554-3376-4daa-b494-066c42dc7705", "isDeleted:":"true", "version":"1682672974537"}}
{"logTime": "0430/210320", "correlationVector":"rMdXiAVmvpMxM4SmjiTSo5.212","action":"GetUpdates", "result":"DeleteReceived", "context":{"id":"54f25789-1e4e-4b7f-bd3b-7ac8f07d0e99", "isDeleted:":"true", "version":"1682672974538"}}
{"logTime": "0430/210320", "correlationVector":"rMdXiAVmvpMxM4SmjiTSo5.213","action":"GetUpdates", "result":"DeleteReceived", "context":{"id":"3d5b2296-29a0-4ac4-9435-4a93d34d2f94", "isDeleted:":"true", "version":"1682673086891"}}
{"logTime": "0430/210320", "correlationVector":"rMdXiAVmvpMxM4SmjiTSo5.214","action":"GetUpdates", "result":"DeleteReceived", "context":{"id":"0eff774d-6edd-407b-bd6f-be61e20fbd23", "isDeleted:":"true", "version":"1682673371731"}}
{"logTime": "0430/210320", "correlationVector":"rMdXiAVmvpMxM4SmjiTSo5.215","action":"GetUpdates", "result":"DeleteReceived", "context":{"id":"f4ea5ba4-6578-4926-ad12-e8b930e56c7e", "isDeleted:":"true", "version":"1682673371732"}}
{"logTime": "0430/210320", "correlationVector":"rMdXiAVmvpMxM4SmjiTSo5.216","action":"GetUpdates", "result":"DeleteReceived", "context":{"id":"249e70e0-98eb-4cf4-854a-e34c0d589364", "isDeleted:":"true", "version":"1682673956005"}}
{"logTime": "0430/210320", "correlationVector":"rMdXiAVmvpMxM4SmjiTSo5.217","action":"GetUpdates", "result":"DeleteReceived", "context":{"id":"c31e7c91-f082-4c6e-9299-bf9b564dc438", "isDeleted:":"true", "version":"1682674704385"}}
{"logTime": "0430/210320", "correlationVector":"rMdXiAVmvpMxM4SmjiTSo5.218","action":"GetUpdates", "result":"DeleteReceived", "context":{"id":"da146e7e-ba63-40f6-82b0-dc918f68889c", "isDeleted:":"true", "version":"1682674704386"}}
{"logTime": "0430/210320", "correlationVector":"rMdXiAVmvpMxM4SmjiTSo5.219","action":"GetUpdates", "result":"DeleteReceived", "context":{"id":"6f0db672-0890-4860-b5b6-ef4748c1cb62", "isDeleted:":"true", "version":"1682674737916"}}
{"logTime": "0430/210320", "correlationVector":"rMdXiAVmvpMxM4SmjiTSo5.220","action":"GetUpdates", "result":"DeleteReceived", "context":{"id":"f731c635-14b9-4e9a-86ed-1d01ef4d640e", "isDeleted:":"true", "version":"1682674775576"}}
{"logTime": "0430/210320", "correlationVector":"rMdXiAVmvpMxM4SmjiTSo5.221","action":"GetUpdates", "result":"DeleteReceived", "context":{"id":"4e7f2d20-016e-440d-883c-19c0f7d92cc8", "isDeleted:":"true", "version":"1682674979885"}}
{"logTime": "0430/210320", "correlationVector":"rMdXiAVmvpMxM4SmjiTSo5.222","action":"GetUpdates", "result":"DeleteReceived", "context":{"id":"f56c3dfb-33d1-44be-b48d-a0a8edc75eb8", "isDeleted:":"true", "version":"1682674979888"}}
{"logTime": "0430/210320", "correlationVector":"rMdXiAVmvpMxM4SmjiTSo5.223","action":"GetUpdates", "result":"DeleteReceived", "context":{"id":"d3d11eb4-5fee-4852-8d65-56929396a61c", "isDeleted:":"true", "version":"1682675010541"}}
{"logTime": "0430/210320", "correlationVector":"rMdXiAVmvpMxM4SmjiTSo5.224","action":"GetUpdates", "result":"DeleteReceived", "context":{"id":"194ac855-0a59-4bf0-a8ff-69799bbfb5c4", "isDeleted:":"true", "version":"1682675010542"}}
{"logTime": "0430/210320", "correlationVector":"rMdXiAVmvpMxM4SmjiTSo5.225","action":"GetUpdates", "result":"DeleteReceived", "context":{"id":"36801469-8f20-43d0-ad08-cd8128a1f8da", "isDeleted:":"true", "version":"1682680927544"}}
{"logTime": "0430/210320", "correlationVector":"rMdXiAVmvpMxM4SmjiTSo5.226","action":"GetUpdates", "result":"DeleteReceived", "context":{"id":"3871db7a-10c5-408a-9b58-6155f3569ad5", "isDeleted:":"true", "version":"1682680927545"}}
{"logTime": "0430/210320", "correlationVector":"rMdXiAVmvpMxM4SmjiTSo5.227","action":"GetUpdates", "result":"DeleteReceived", "context":{"id":"b0d6d6f8-a197-4864-89a8-815e2d012edb", "isDeleted:":"true", "version":"1682681499231"}}
{"logTime": "0430/210320", "correlationVector":"rMdXiAVmvpMxM4SmjiTSo5.228","action":"GetUpdates", "result":"DeleteReceived", "context":{"id":"c6c0ea71-2454-4c98-a5c2-8284f4dc37f2", "isDeleted:":"true", "version":"1682681817471"}}
{"logTime": "0430/210320", "correlationVector":"rMdXiAVmvpMxM4SmjiTSo5.229","action":"GetUpdates", "result":"DeleteReceived", "context":{"id":"f8abf213-a8b6-4beb-9732-668a91bcc22a", "isDeleted:":"true", "version":"1682684291685"}}
{"logTime": "0430/210320", "correlationVector":"rMdXiAVmvpMxM4SmjiTSo5.230","action":"GetUpdates", "result":"DeleteReceived", "context":{"id":"2ebaf9c7-082d-4041-933b-0c14885fb137", "isDeleted:":"true", "version":"1682685751475"}}
{"logTime": "0430/210320", "correlationVector":"rMdXiAVmvpMxM4SmjiTSo5.231","action":"GetUpdates", "result":"DeleteReceived", "context":{"id":"3021ce08-148d-4374-a171-50c639f8edb3", "isDeleted:":"true", "version":"1682685751476"}}
{"logTime": "0430/210320", "correlationVector":"rMdXiAVmvpMxM4SmjiTSo5.232","action":"GetUpdates", "result":"DeleteReceived", "context":{"id":"bc0fed42-8f57-437e-8c3f-fa5231bbe510", "isDeleted:":"true", "version":"1682685841622"}}
{"logTime": "0430/210320", "correlationVector":"rMdXiAVmvpMxM4SmjiTSo5.233","action":"GetUpdates", "result":"DeleteReceived", "context":{"id":"214d35f0-aece-4b84-994e-6c59253bf80e", "isDeleted:":"true", "version":"1682685916082"}}
{"logTime": "0430/210320", "correlationVector":"rMdXiAVmvpMxM4SmjiTSo5.234","action":"GetUpdates", "result":"DeleteReceived", "context":{"id":"10a3122b-cfc0-4f7b-8a84-0634c8c3e4a3", "isDeleted:":"true", "version":"1682686201431"}}
{"logTime": "0430/210320", "correlationVector":"rMdXiAVmvpMxM4SmjiTSo5.235","action":"GetUpdates", "result":"DeleteReceived", "context":{"id":"00376a78-3756-4f5b-8d4b-c07a75abc2aa", "isDeleted:":"true", "version":"1682687269411"}}
{"logTime": "0430/210320", "correlationVector":"rMdXiAVmvpMxM4SmjiTSo5.236","action":"GetUpdates", "result":"DeleteReceived", "context":{"id":"c2cf4abd-8e6d-4889-ad9a-a2682f2aa140", "isDeleted:":"true", "version":"1682687403034"}}
{"logTime": "0430/210320", "correlationVector":"rMdXiAVmvpMxM4SmjiTSo5.237","action":"GetUpdates", "result":"DeleteReceived", "context":{"id":"b61ea779-1d0c-4671-a1c3-81630989dd4b", "isDeleted:":"true", "version":"1682688026423"}}
{"logTime": "0430/210320", "correlationVector":"rMdXiAVmvpMxM4SmjiTSo5.238","action":"GetUpdates", "result":"DeleteReceived", "context":{"id":"39ebe24e-b1dc-42d2-a35f-af3a3d7604b2", "isDeleted:":"true", "version":"1682688026424"}}
{"logTime": "0430/210320", "correlationVector":"rMdXiAVmvpMxM4SmjiTSo5.239","action":"GetUpdates", "result":"DeleteReceived", "context":{"id":"41f25e3b-8ff8-4faa-b98a-f28d2198222e", "isDeleted:":"true", "version":"1682688026426"}}
{"logTime": "0430/210320", "correlationVector":"rMdXiAVmvpMxM4SmjiTSo5.240","action":"GetUpdates", "result":"DeleteReceived", "context":{"id":"0af85366-b961-42b4-8fad-656ae6bd8e82", "isDeleted:":"true", "version":"1682688026427"}}
{"logTime": "0430/210320", "correlationVector":"rMdXiAVmvpMxM4SmjiTSo5.241","action":"GetUpdates", "result":"DeleteReceived", "context":{"id":"d35a8a3a-8221-4d85-96e8-7a135104bf2a", "isDeleted:":"true", "version":"1682688200247"}}
{"logTime": "0430/210320", "correlationVector":"rMdXiAVmvpMxM4SmjiTSo5.242","action":"GetUpdates", "result":"DeleteReceived", "context":{"id":"ace518a7-ea2d-46cd-958a-5fd088881738", "isDeleted:":"true", "version":"1682688406495"}}
{"logTime": "0430/210320", "correlationVector":"rMdXiAVmvpMxM4SmjiTSo5.243","action":"GetUpdates", "result":"DeleteReceived", "context":{"id":"7ba2d424-a80b-4193-ad73-239a017daa8a", "isDeleted:":"true", "version":"1682688944429"}}
{"logTime": "0430/210320", "correlationVector":"rMdXiAVmvpMxM4SmjiTSo5.244","action":"GetUpdates", "result":"DeleteReceived", "context":{"id":"728e34ca-77a1-4b26-86e7-ac02614b3f44", "isDeleted:":"true", "version":"1682688944430"}}
{"logTime": "0430/210320", "correlationVector":"rMdXiAVmvpMxM4SmjiTSo5.245","action":"GetUpdates", "result":"DeleteReceived", "context":{"id":"18a37afd-50b3-4e13-92eb-fa6e79fdefb7", "isDeleted:":"true", "version":"1682689159859"}}
{"logTime": "0430/210320", "correlationVector":"rMdXiAVmvpMxM4SmjiTSo5.246","action":"GetUpdates Response", "result":"SERVER_MORE_TO_DOWNLOAD", "context":Received 250 update(s).  Some updates remain.}
{"logTime": "0430/210320", "correlationVector":"QHoOnWKIalsPa8bgyO0LZ3","action":"Normal GetUpdate request", "result":"", "context":cV=QHoOnWKIalsPa8bgyO0LZ3
Nudged types: Sessions}
{"logTime": "0430/210322", "correlationVector":"QHoOnWKIalsPa8bgyO0LZ3.1","action":"SyncServerConnectionManagerRequest", "result":"SYNC_SERVER_OK", "context":{"environment":"Prod_SoutheastAsia_000j", "migrationStage":"NotStarted", "server":"general01000011"}}
{"logTime": "0430/210322", "correlationVector":"QHoOnWKIalsPa8bgyO0LZ3.2","action":"GetUpdates", "result":"DeleteReceived", "context":{"id":"95600721-3c08-45f1-8204-d6fcd68b07c8", "isDeleted:":"true", "version":"1682883766019"}}
{"logTime": "0430/210322", "correlationVector":"QHoOnWKIalsPa8bgyO0LZ3.3","action":"GetUpdates", "result":"DeleteReceived", "context":{"id":"579afa41-f19d-42ca-b782-08d76c0b398e", "isDeleted:":"true", "version":"1682696636149"}}
{"logTime": "0430/210322", "correlationVector":"QHoOnWKIalsPa8bgyO0LZ3.4","action":"GetUpdates", "result":"DeleteReceived", "context":{"id":"86e25b1d-4017-4c8b-8f20-a41db3c8d2a5", "isDeleted:":"true", "version":"1682696841652"}}
{"logTime": "0430/210322", "correlationVector":"QHoOnWKIalsPa8bgyO0LZ3.5","action":"GetUpdates", "result":"DeleteReceived", "context":{"id":"1e948742-2133-48ad-9674-16d58015698c", "isDeleted:":"true", "version":"1682704177148"}}
{"logTime": "0430/210322", "correlationVector":"QHoOnWKIalsPa8bgyO0LZ3.6","action":"GetUpdates", "result":"DeleteReceived", "context":{"id":"55dd3709-f12e-4b59-8b0b-2e9cc5174a16", "isDeleted:":"true", "version":"1682704177149"}}
{"logTime": "0430/210322", "correlationVector":"QHoOnWKIalsPa8bgyO0LZ3.7","action":"GetUpdates", "result":"DeleteReceived", "context":{"id":"915f9a20-2ea7-44b5-8d06-52519451754d", "isDeleted:":"true", "version":"1682704177150"}}
{"logTime": "0430/210322", "correlationVector":"QHoOnWKIalsPa8bgyO0LZ3.8","action":"GetUpdates", "result":"DeleteReceived", "context":{"id":"2bfd127d-ecf1-40af-97be-8580292e6533", "isDeleted:":"true", "version":"1682704177151"}}
{"logTime": "0430/210322", "correlationVector":"QHoOnWKIalsPa8bgyO0LZ3.9","action":"GetUpdates", "result":"DeleteReceived", "context":{"id":"94e9c12a-d7cc-4a9b-ad4c-763665ac9b11", "isDeleted:":"true", "version":"1682704177153"}}
{"logTime": "0430/210322", "correlationVector":"QHoOnWKIalsPa8bgyO0LZ3.10","action":"GetUpdates", "result":"DeleteReceived", "context":{"id":"e6e6c7dd-877d-40fe-97e7-061d0bed225e", "isDeleted:":"true", "version":"1682704177154"}}
{"logTime": "0430/210322", "correlationVector":"QHoOnWKIalsPa8bgyO0LZ3.11","action":"GetUpdates", "result":"DeleteReceived", "context":{"id":"35b1480f-4387-4617-a221-635acb776e53", "isDeleted:":"true", "version":"1682704296375"}}
{"logTime": "0430/210322", "correlationVector":"QHoOnWKIalsPa8bgyO0LZ3.12","action":"GetUpdates", "result":"DeleteReceived", "context":{"id":"627e7c52-481a-40cb-bfd7-0569483fa270", "isDeleted:":"true", "version":"1682705013018"}}
{"logTime": "0430/210322", "correlationVector":"QHoOnWKIalsPa8bgyO0LZ3.13","action":"GetUpdates", "result":"DeleteReceived", "context":{"id":"37a14654-b5bb-4f56-9051-b9e04120c599", "isDeleted:":"true", "version":"1682705435446"}}
{"logTime": "0430/210322", "correlationVector":"QHoOnWKIalsPa8bgyO0LZ3.14","action":"GetUpdates", "result":"DeleteReceived", "context":{"id":"d3330c51-e3b9-4452-8f50-89272d432326", "isDeleted:":"true", "version":"1682705467153"}}
{"logTime": "0430/210322", "correlationVector":"QHoOnWKIalsPa8bgyO0LZ3.15","action":"GetUpdates", "result":"DeleteReceived", "context":{"id":"1ab61ed6-64ac-4045-abc7-4c93d0e9cbea", "isDeleted:":"true", "version":"1682705753983"}}
{"logTime": "0430/210322", "correlationVector":"QHoOnWKIalsPa8bgyO0LZ3.16","action":"GetUpdates", "result":"DeleteReceived", "context":{"id":"af987176-2f83-40c7-8119-2c7379dcb296", "isDeleted:":"true", "version":"1682709152970"}}
{"logTime": "0430/210322", "correlationVector":"QHoOnWKIalsPa8bgyO0LZ3.17","action":"GetUpdates", "result":"DeleteReceived", "context":{"id":"8c6df954-97db-4044-a510-1c464fd3f957", "isDeleted:":"true", "version":"1682709152971"}}
{"logTime": "0430/210322", "correlationVector":"QHoOnWKIalsPa8bgyO0LZ3.18","action":"GetUpdates", "result":"DeleteReceived", "context":{"id":"523e747e-fc66-41c8-9b8c-54d1a9f8549f", "isDeleted:":"true", "version":"1682709216641"}}
{"logTime": "0430/210322", "correlationVector":"QHoOnWKIalsPa8bgyO0LZ3.19","action":"GetUpdates", "result":"DeleteReceived", "context":{"id":"5c77ee3b-539e-46d1-871f-65896d45f44f", "isDeleted:":"true", "version":"1682710912159"}}
{"logTime": "0430/210322", "correlationVector":"QHoOnWKIalsPa8bgyO0LZ3.20","action":"GetUpdates", "result":"DeleteReceived", "context":{"id":"bbf34766-3e12-444e-9c56-b934b9e94c81", "isDeleted:":"true", "version":"1682710912161"}}
{"logTime": "0430/210322", "correlationVector":"QHoOnWKIalsPa8bgyO0LZ3.21","action":"GetUpdates", "result":"DeleteReceived", "context":{"id":"ae926eff-d9b7-4d64-a858-def21992c2b2", "isDeleted:":"true", "version":"1682710975072"}}
{"logTime": "0430/210322", "correlationVector":"QHoOnWKIalsPa8bgyO0LZ3.22","action":"GetUpdates", "result":"DeleteReceived", "context":{"id":"9013c512-f863-4803-8046-8adf738d8149", "isDeleted:":"true", "version":"1682711333784"}}
{"logTime": "0430/210322", "correlationVector":"QHoOnWKIalsPa8bgyO0LZ3.23","action":"GetUpdates", "result":"DeleteReceived", "context":{"id":"638225cd-4afd-46ff-864b-5c83597976f7", "isDeleted:":"true", "version":"1682752196563"}}
{"logTime": "0430/210322", "correlationVector":"QHoOnWKIalsPa8bgyO0LZ3.24","action":"GetUpdates", "result":"DeleteReceived", "context":{"id":"fad38d93-2526-44b8-a548-464e6dc67749", "isDeleted:":"true", "version":"1682752196565"}}
{"logTime": "0430/210322", "correlationVector":"QHoOnWKIalsPa8bgyO0LZ3.25","action":"GetUpdates", "result":"DeleteReceived", "context":{"id":"ba059926-5111-42d6-8e14-efce9fc120dd", "isDeleted:":"true", "version":"1682752735539"}}
{"logTime": "0430/210322", "correlationVector":"QHoOnWKIalsPa8bgyO0LZ3.26","action":"GetUpdates", "result":"DeleteReceived", "context":{"id":"c678d4d5-65b0-40f5-813b-8e7ff0e501bd", "isDeleted:":"true", "version":"1682753286501"}}
{"logTime": "0430/210322", "correlationVector":"QHoOnWKIalsPa8bgyO0LZ3.27","action":"GetUpdates", "result":"DeleteReceived", "context":{"id":"e83f82b9-6134-44e2-aee5-a5074ffe54d5", "isDeleted:":"true", "version":"1682753286502"}}
{"logTime": "0430/210322", "correlationVector":"QHoOnWKIalsPa8bgyO0LZ3.28","action":"GetUpdates", "result":"DeleteReceived", "context":{"id":"52db114d-30b2-4f34-a08e-2ca5a217f4ac", "isDeleted:":"true", "version":"1682753286503"}}
{"logTime": "0430/210322", "correlationVector":"QHoOnWKIalsPa8bgyO0LZ3.29","action":"GetUpdates", "result":"DeleteReceived", "context":{"id":"a09474f0-eb39-47b5-a0a8-239639475f70", "isDeleted:":"true", "version":"1682753319064"}}
{"logTime": "0430/210322", "correlationVector":"QHoOnWKIalsPa8bgyO0LZ3.30","action":"GetUpdates", "result":"DeleteReceived", "context":{"id":"e5fde155-ac81-426b-920b-d224851e515d", "isDeleted:":"true", "version":"1682753741553"}}
{"logTime": "0430/210322", "correlationVector":"QHoOnWKIalsPa8bgyO0LZ3.31","action":"GetUpdates", "result":"DeleteReceived", "context":{"id":"2a1ba225-9c7a-4546-8a0f-29e563041990", "isDeleted:":"true", "version":"1682753741554"}}
{"logTime": "0430/210322", "correlationVector":"QHoOnWKIalsPa8bgyO0LZ3.32","action":"GetUpdates", "result":"DeleteReceived", "context":{"id":"ba81ca2c-60c3-4e0a-b7f2-be4b7a02d14a", "isDeleted:":"true", "version":"1682755137338"}}
{"logTime": "0430/210322", "correlationVector":"QHoOnWKIalsPa8bgyO0LZ3.33","action":"GetUpdates", "result":"DeleteReceived", "context":{"id":"b1f3dff3-1b35-4e76-8fc6-468d34b13681", "isDeleted:":"true", "version":"1682755206065"}}
{"logTime": "0430/210322", "correlationVector":"QHoOnWKIalsPa8bgyO0LZ3.34","action":"GetUpdates", "result":"DeleteReceived", "context":{"id":"aadd6329-7ee7-405f-99c0-ab91694eb1d5", "isDeleted:":"true", "version":"1682755206066"}}
{"logTime": "0430/210322", "correlationVector":"QHoOnWKIalsPa8bgyO0LZ3.35","action":"GetUpdates", "result":"DeleteReceived", "context":{"id":"7a8aa29f-bc56-4ad7-90ee-e9969e07a684", "isDeleted:":"true", "version":"1682757147311"}}
{"logTime": "0430/210322", "correlationVector":"QHoOnWKIalsPa8bgyO0LZ3.36","action":"GetUpdates", "result":"DeleteReceived", "context":{"id":"db576734-ba27-4b4d-b95f-cb1e21243bed", "isDeleted:":"true", "version":"1682758394042"}}
{"logTime": "0430/210322", "correlationVector":"QHoOnWKIalsPa8bgyO0LZ3.37","action":"GetUpdates", "result":"DeleteReceived", "context":{"id":"264aad45-f7d2-48d6-9a2c-101e806966f7", "isDeleted:":"true", "version":"1682758394043"}}
{"logTime": "0430/210322", "correlationVector":"QHoOnWKIalsPa8bgyO0LZ3.38","action":"GetUpdates", "result":"DeleteReceived", "context":{"id":"0d7dcac7-d574-42c1-b7c5-32591fadea1a", "isDeleted:":"true", "version":"1682759077648"}}
{"logTime": "0430/210322", "correlationVector":"QHoOnWKIalsPa8bgyO0LZ3.39","action":"GetUpdates", "result":"DeleteReceived", "context":{"id":"e11b04c3-1ddc-4cb1-a71d-0028563792dc", "isDeleted:":"true", "version":"1682759230272"}}
{"logTime": "0430/210322", "correlationVector":"QHoOnWKIalsPa8bgyO0LZ3.40","action":"GetUpdates", "result":"DeleteReceived", "context":{"id":"bbac53b3-93fa-4429-8e88-7cd91d5ee20f", "isDeleted:":"true", "version":"1682759694320"}}
{"logTime": "0430/210322", "correlationVector":"QHoOnWKIalsPa8bgyO0LZ3.41","action":"GetUpdates", "result":"DeleteReceived", "context":{"id":"336ef783-e3ba-4aae-9144-031b408ba1aa", "isDeleted:":"true", "version":"1682759694322"}}
{"logTime": "0430/210322", "correlationVector":"QHoOnWKIalsPa8bgyO0LZ3.42","action":"GetUpdates", "result":"DeleteReceived", "context":{"id":"4e3e9773-0239-4e00-9549-ea98476b5915", "isDeleted:":"true", "version":"1682761961002"}}
{"logTime": "0430/210322", "correlationVector":"QHoOnWKIalsPa8bgyO0LZ3.43","action":"GetUpdates", "result":"DeleteReceived", "context":{"id":"b3f153ee-deff-43b8-a9d4-4b2786a8d556", "isDeleted:":"true", "version":"1682761961003"}}
{"logTime": "0430/210322", "correlationVector":"QHoOnWKIalsPa8bgyO0LZ3.44","action":"GetUpdates", "result":"DeleteReceived", "context":{"id":"fe3eb8bb-0ad8-4107-9830-ce9adbe8ccc4", "isDeleted:":"true", "version":"1682761961004"}}
{"logTime": "0430/210322", "correlationVector":"QHoOnWKIalsPa8bgyO0LZ3.45","action":"GetUpdates", "result":"DeleteReceived", "context":{"id":"e9c7bca6-1f33-42ee-825f-188ab4f56295", "isDeleted:":"true", "version":"1682761961006"}}
{"logTime": "0430/210322", "correlationVector":"QHoOnWKIalsPa8bgyO0LZ3.46","action":"GetUpdates", "result":"DeleteReceived", "context":{"id":"7dfe133a-ca90-4c08-a6b2-d3e3d99e0e6c", "isDeleted:":"true", "version":"1682761961007"}}
{"logTime": "0430/210322", "correlationVector":"QHoOnWKIalsPa8bgyO0LZ3.47","action":"GetUpdates", "result":"DeleteReceived", "context":{"id":"01f7e817-1a9a-422b-8feb-322788f756da", "isDeleted:":"true", "version":"1682762276614"}}
{"logTime": "0430/210322", "correlationVector":"QHoOnWKIalsPa8bgyO0LZ3.48","action":"GetUpdates", "result":"DeleteReceived", "context":{"id":"5de8c45b-56f6-4c05-a00e-a7d2c2fd5232", "isDeleted:":"true", "version":"1682762319591"}}
{"logTime": "0430/210322", "correlationVector":"QHoOnWKIalsPa8bgyO0LZ3.49","action":"GetUpdates", "result":"DeleteReceived", "context":{"id":"78532160-5a3c-4cf2-9012-f96a4c503138", "isDeleted:":"true", "version":"1682762319594"}}
{"logTime": "0430/210322", "correlationVector":"QHoOnWKIalsPa8bgyO0LZ3.50","action":"GetUpdates", "result":"DeleteReceived", "context":{"id":"34b68ac7-984e-4940-a899-34f79ee7f40a", "isDeleted:":"true", "version":"1682762358117"}}
{"logTime": "0430/210322", "correlationVector":"QHoOnWKIalsPa8bgyO0LZ3.51","action":"GetUpdates", "result":"DeleteReceived", "context":{"id":"2082d7c3-fab2-4d07-b7e1-601205075b01", "isDeleted:":"true", "version":"1682762358120"}}
{"logTime": "0430/210322", "correlationVector":"QHoOnWKIalsPa8bgyO0LZ3.52","action":"GetUpdates", "result":"DeleteReceived", "context":{"id":"6acdc9b5-d14f-46ae-bb68-8b5808c9ca82", "isDeleted:":"true", "version":"1682762660780"}}
{"logTime": "0430/210322", "correlationVector":"QHoOnWKIalsPa8bgyO0LZ3.53","action":"GetUpdates", "result":"DeleteReceived", "context":{"id":"eb664025-9fc7-4589-81f7-15ef83504e8c", "isDeleted:":"true", "version":"1682762660781"}}
{"logTime": "0430/210322", "correlationVector":"QHoOnWKIalsPa8bgyO0LZ3.54","action":"GetUpdates", "result":"DeleteReceived", "context":{"id":"11dcda25-f815-4c31-895d-a2eb70f4943c", "isDeleted:":"true", "version":"1682762660782"}}
{"logTime": "0430/210322", "correlationVector":"QHoOnWKIalsPa8bgyO0LZ3.55","action":"GetUpdates", "result":"DeleteReceived", "context":{"id":"1d09f3da-f1b1-4baf-8cbe-73de0d02b614", "isDeleted:":"true", "version":"1682762660783"}}
{"logTime": "0430/210322", "correlationVector":"QHoOnWKIalsPa8bgyO0LZ3.56","action":"GetUpdates", "result":"DeleteReceived", "context":{"id":"3dcf7b87-d60e-42cd-b511-8d8f01943351", "isDeleted:":"true", "version":"1682762660784"}}
{"logTime": "0430/210322", "correlationVector":"QHoOnWKIalsPa8bgyO0LZ3.57","action":"GetUpdates", "result":"DeleteReceived", "context":{"id":"21e26c37-4129-40d8-9282-7da4012a82b9", "isDeleted:":"true", "version":"1682762660786"}}
{"logTime": "0430/210322", "correlationVector":"QHoOnWKIalsPa8bgyO0LZ3.58","action":"GetUpdates", "result":"DeleteReceived", "context":{"id":"2fdd46a9-1804-408f-bc74-376f8c859803", "isDeleted:":"true", "version":"1682762660787"}}
{"logTime": "0430/210322", "correlationVector":"QHoOnWKIalsPa8bgyO0LZ3.59","action":"GetUpdates", "result":"DeleteReceived", "context":{"id":"2ccd2726-5522-470b-97a4-94b64b32aea4", "isDeleted:":"true", "version":"1682762764664"}}
{"logTime": "0430/210322", "correlationVector":"QHoOnWKIalsPa8bgyO0LZ3.60","action":"GetUpdates", "result":"DeleteReceived", "context":{"id":"07aec228-2a41-47ca-a2f7-4f5644f0c3e9", "isDeleted:":"true", "version":"1682762795629"}}
{"logTime": "0430/210322", "correlationVector":"QHoOnWKIalsPa8bgyO0LZ3.61","action":"GetUpdates", "result":"DeleteReceived", "context":{"id":"09193421-dd43-4375-9d76-5bad19260923", "isDeleted:":"true", "version":"1682768989291"}}
{"logTime": "0430/210322", "correlationVector":"QHoOnWKIalsPa8bgyO0LZ3.62","action":"GetUpdates", "result":"DeleteReceived", "context":{"id":"869b0ffa-81d2-4c66-8d1d-9e1284fba778", "isDeleted:":"true", "version":"1682769515939"}}
{"logTime": "0430/210322", "correlationVector":"QHoOnWKIalsPa8bgyO0LZ3.63","action":"GetUpdates", "result":"DeleteReceived", "context":{"id":"b404d50c-966f-41e0-82ce-131959ec21ae", "isDeleted:":"true", "version":"1682769553758"}}
{"logTime": "0430/210322", "correlationVector":"QHoOnWKIalsPa8bgyO0LZ3.64","action":"GetUpdates", "result":"DeleteReceived", "context":{"id":"40784fc3-d96a-46fe-8532-bf9603edafb1", "isDeleted:":"true", "version":"1682770886049"}}
{"logTime": "0430/210322", "correlationVector":"QHoOnWKIalsPa8bgyO0LZ3.65","action":"GetUpdates", "result":"DeleteReceived", "context":{"id":"aecef537-f0a6-49a8-bbcd-240e4b817c4c", "isDeleted:":"true", "version":"1682771683240"}}
{"logTime": "0430/210322", "correlationVector":"QHoOnWKIalsPa8bgyO0LZ3.66","action":"GetUpdates", "result":"DeleteReceived", "context":{"id":"b4daa5fe-a3bc-47db-9885-5f693027f390", "isDeleted:":"true", "version":"1682771989266"}}
{"logTime": "0430/210322", "correlationVector":"QHoOnWKIalsPa8bgyO0LZ3.67","action":"GetUpdates", "result":"DeleteReceived", "context":{"id":"d31a329a-78c5-4fea-b80f-e645fe8cb2d7", "isDeleted:":"true", "version":"1682772472976"}}
{"logTime": "0430/210322", "correlationVector":"QHoOnWKIalsPa8bgyO0LZ3.68","action":"GetUpdates", "result":"DeleteReceived", "context":{"id":"407a47a6-afc9-4553-8bbd-65d07ead1caf", "isDeleted:":"true", "version":"1682772472977"}}
{"logTime": "0430/210322", "correlationVector":"QHoOnWKIalsPa8bgyO0LZ3.69","action":"GetUpdates", "result":"DeleteReceived", "context":{"id":"f2bbf491-7747-45ec-859a-69dad9e9e63c", "isDeleted:":"true", "version":"1682772472978"}}
{"logTime": "0430/210322", "correlationVector":"QHoOnWKIalsPa8bgyO0LZ3.70","action":"GetUpdates", "result":"DeleteReceived", "context":{"id":"20b4da6e-96d6-4c52-8d4a-6cad60aed0c3", "isDeleted:":"true", "version":"1682772472979"}}
{"logTime": "0430/210322", "correlationVector":"QHoOnWKIalsPa8bgyO0LZ3.71","action":"GetUpdates", "result":"DeleteReceived", "context":{"id":"f34da100-fa9d-4ebd-aa5c-a5e08d4cb75d", "isDeleted:":"true", "version":"1682772472981"}}
{"logTime": "0430/210322", "correlationVector":"QHoOnWKIalsPa8bgyO0LZ3.72","action":"GetUpdates", "result":"DeleteReceived", "context":{"id":"c498b91b-d85f-4a2e-9140-d41509408e20", "isDeleted:":"true", "version":"1682772472982"}}
{"logTime": "0430/210322", "correlationVector":"QHoOnWKIalsPa8bgyO0LZ3.73","action":"GetUpdates", "result":"DeleteReceived", "context":{"id":"7bc020fb-4d9c-473a-baed-f76ae408173b", "isDeleted:":"true", "version":"1682772542080"}}
{"logTime": "0430/210322", "correlationVector":"QHoOnWKIalsPa8bgyO0LZ3.74","action":"GetUpdates", "result":"DeleteReceived", "context":{"id":"9dcca979-fd03-4c40-bc93-e9bd8f08ff63", "isDeleted:":"true", "version":"1682772637882"}}
{"logTime": "0430/210322", "correlationVector":"QHoOnWKIalsPa8bgyO0LZ3.75","action":"GetUpdates", "result":"DeleteReceived", "context":{"id":"25c717a1-07b7-411c-91b4-6de545ba3b53", "isDeleted:":"true", "version":"1682780090739"}}
{"logTime": "0430/210322", "correlationVector":"QHoOnWKIalsPa8bgyO0LZ3.76","action":"GetUpdates", "result":"DeleteReceived", "context":{"id":"9cab9b06-3786-4801-bf5b-ad49190d4027", "isDeleted:":"true", "version":"1682780090740"}}
{"logTime": "0430/210322", "correlationVector":"QHoOnWKIalsPa8bgyO0LZ3.77","action":"GetUpdates", "result":"DeleteReceived", "context":{"id":"560b2454-ba6b-402d-b6d6-829afff2d308", "isDeleted:":"true", "version":"1682780667987"}}
{"logTime": "0430/210322", "correlationVector":"QHoOnWKIalsPa8bgyO0LZ3.78","action":"GetUpdates", "result":"DeleteReceived", "context":{"id":"f5965445-6c5c-411d-9df7-f659365cc1ab", "isDeleted:":"true", "version":"1682780667990"}}
{"logTime": "0430/210322", "correlationVector":"QHoOnWKIalsPa8bgyO0LZ3.79","action":"GetUpdates", "result":"DeleteReceived", "context":{"id":"fdb6affa-6591-4f73-8545-5a661be4f8fb", "isDeleted:":"true", "version":"1682783158144"}}
{"logTime": "0430/210322", "correlationVector":"QHoOnWKIalsPa8bgyO0LZ3.80","action":"GetUpdates", "result":"DeleteReceived", "context":{"id":"1653a50e-d8fd-4ccf-983e-2ade89ff4abc", "isDeleted:":"true", "version":"1682783158146"}}
{"logTime": "0430/210322", "correlationVector":"QHoOnWKIalsPa8bgyO0LZ3.81","action":"GetUpdates", "result":"DeleteReceived", "context":{"id":"20356e72-8363-4dc3-82bc-02b19642d56b", "isDeleted:":"true", "version":"1682785895248"}}
{"logTime": "0430/210322", "correlationVector":"QHoOnWKIalsPa8bgyO0LZ3.82","action":"GetUpdates", "result":"DeleteReceived", "context":{"id":"c3fba6a9-8673-4b19-80a4-53a4be5bab89", "isDeleted:":"true", "version":"1682785895249"}}
{"logTime": "0430/210322", "correlationVector":"QHoOnWKIalsPa8bgyO0LZ3.83","action":"GetUpdates", "result":"DeleteReceived", "context":{"id":"3f5edc50-def8-4e36-8597-b9cec0d9fc78", "isDeleted:":"true", "version":"1682785895251"}}
{"logTime": "0430/210322", "correlationVector":"QHoOnWKIalsPa8bgyO0LZ3.84","action":"GetUpdates", "result":"DeleteReceived", "context":{"id":"eef79c4d-ea70-44fa-8160-0df1ba0e6c58", "isDeleted:":"true", "version":"1682785895252"}}
{"logTime": "0430/210322", "correlationVector":"QHoOnWKIalsPa8bgyO0LZ3.85","action":"GetUpdates", "result":"DeleteReceived", "context":{"id":"454e6a45-6fd9-4af1-8c97-59ee20a1ab1c", "isDeleted:":"true", "version":"1682786704397"}}
{"logTime": "0430/210322", "correlationVector":"QHoOnWKIalsPa8bgyO0LZ3.86","action":"GetUpdates", "result":"DeleteReceived", "context":{"id":"cc9070c8-86f0-41fb-af46-02fa0ca0ede4", "isDeleted:":"true", "version":"1682788302850"}}
{"logTime": "0430/210322", "correlationVector":"QHoOnWKIalsPa8bgyO0LZ3.87","action":"GetUpdates", "result":"DeleteReceived", "context":{"id":"8210b617-86ba-4538-92e2-5278931c988d", "isDeleted:":"true", "version":"1682794634787"}}
{"logTime": "0430/210322", "correlationVector":"QHoOnWKIalsPa8bgyO0LZ3.88","action":"GetUpdates", "result":"DeleteReceived", "context":{"id":"9324bc07-e163-473d-bd97-ccfcd3822b60", "isDeleted:":"true", "version":"1682794634789"}}
{"logTime": "0430/210322", "correlationVector":"QHoOnWKIalsPa8bgyO0LZ3.89","action":"GetUpdates", "result":"DeleteReceived", "context":{"id":"128c196f-418c-469c-8dcb-4d62ca7e5e2c", "isDeleted:":"true", "version":"1682794698788"}}
{"logTime": "0430/210322", "correlationVector":"QHoOnWKIalsPa8bgyO0LZ3.90","action":"GetUpdates", "result":"DeleteReceived", "context":{"id":"015827f9-6ae2-432d-8300-8fa16fb461f0", "isDeleted:":"true", "version":"1682795374772"}}
{"logTime": "0430/210322", "correlationVector":"QHoOnWKIalsPa8bgyO0LZ3.91","action":"GetUpdates", "result":"DeleteReceived", "context":{"id":"05cbac5a-0d58-4a74-9531-0c626986999c", "isDeleted:":"true", "version":"1682795430898"}}
{"logTime": "0430/210322", "correlationVector":"QHoOnWKIalsPa8bgyO0LZ3.92","action":"GetUpdates", "result":"DeleteReceived", "context":{"id":"ae3def07-57b8-4f65-aade-fcd0c77eead9", "isDeleted:":"true", "version":"1682795430900"}}
{"logTime": "0430/210322", "correlationVector":"QHoOnWKIalsPa8bgyO0LZ3.93","action":"GetUpdates", "result":"DeleteReceived", "context":{"id":"fb9e3faf-3a2a-4aad-88bc-949836f27de4", "isDeleted:":"true", "version":"1682795503691"}}
{"logTime": "0430/210322", "correlationVector":"QHoOnWKIalsPa8bgyO0LZ3.94","action":"GetUpdates", "result":"DeleteReceived", "context":{"id":"d611aff3-e406-4788-90b7-ac340f7f91d5", "isDeleted:":"true", "version":"1682796579793"}}
{"logTime": "0430/210322", "correlationVector":"QHoOnWKIalsPa8bgyO0LZ3.95","action":"GetUpdates", "result":"DeleteReceived", "context":{"id":"1a8b659a-a705-4f0a-a0a8-fca773ed016f", "isDeleted:":"true", "version":"1682832007344"}}
{"logTime": "0430/210322", "correlationVector":"QHoOnWKIalsPa8bgyO0LZ3.96","action":"GetUpdates", "result":"DeleteReceived", "context":{"id":"1472fa0f-d34f-472d-92d6-b480430441d8", "isDeleted:":"true", "version":"1682832007345"}}
{"logTime": "0430/210322", "correlationVector":"QHoOnWKIalsPa8bgyO0LZ3.97","action":"GetUpdates", "result":"DeleteReceived", "context":{"id":"65bb0571-8f7a-4302-85d3-f924873c7939", "isDeleted:":"true", "version":"1682832007346"}}
{"logTime": "0430/210322", "correlationVector":"QHoOnWKIalsPa8bgyO0LZ3.98","action":"GetUpdates", "result":"DeleteReceived", "context":{"id":"f331dd04-a270-4619-b4e9-9b5ebecfb5ef", "isDeleted:":"true", "version":"1682832007348"}}
{"logTime": "0430/210322", "correlationVector":"QHoOnWKIalsPa8bgyO0LZ3.99","action":"GetUpdates", "result":"DeleteReceived", "context":{"id":"063cb4c6-1a73-4547-8e6f-2207f3655ff2", "isDeleted:":"true", "version":"1682832073629"}}
{"logTime": "0430/210322", "correlationVector":"QHoOnWKIalsPa8bgyO0LZ3.100","action":"GetUpdates", "result":"DeleteReceived", "context":{"id":"15d1b271-4c3a-4d5c-98a8-96169504841c", "isDeleted:":"true", "version":"1682832147520"}}
{"logTime": "0430/210322", "correlationVector":"QHoOnWKIalsPa8bgyO0LZ3.101","action":"GetUpdates", "result":"DeleteReceived", "context":{"id":"72138420-a4eb-4abd-8a2d-df51ef654ed3", "isDeleted:":"true", "version":"1682834633445"}}
{"logTime": "0430/210322", "correlationVector":"QHoOnWKIalsPa8bgyO0LZ3.102","action":"GetUpdates", "result":"DeleteReceived", "context":{"id":"061f64cf-0044-4611-93b3-82ec289f77a9", "isDeleted:":"true", "version":"1682834633446"}}
{"logTime": "0430/210322", "correlationVector":"QHoOnWKIalsPa8bgyO0LZ3.103","action":"GetUpdates", "result":"DeleteReceived", "context":{"id":"2c05e9e0-a3cf-43ec-a178-30362a2ed1b1", "isDeleted:":"true", "version":"1682834633448"}}
{"logTime": "0430/210322", "correlationVector":"QHoOnWKIalsPa8bgyO0LZ3.104","action":"GetUpdates", "result":"DeleteReceived", "context":{"id":"ee21ca92-d8c6-437e-a1b9-ff3660ab3438", "isDeleted:":"true", "version":"1682835205768"}}
{"logTime": "0430/210322", "correlationVector":"QHoOnWKIalsPa8bgyO0LZ3.105","action":"GetUpdates", "result":"DeleteReceived", "context":{"id":"8279b605-b816-44f7-b1b3-b59fdb817bd4", "isDeleted:":"true", "version":"1682835236860"}}
{"logTime": "0430/210322", "correlationVector":"QHoOnWKIalsPa8bgyO0LZ3.106","action":"GetUpdates", "result":"DeleteReceived", "context":{"id":"ac10fbcf-7e26-48a8-817e-c6a681b0ea4e", "isDeleted:":"true", "version":"1682838666046"}}
{"logTime": "0430/210322", "correlationVector":"QHoOnWKIalsPa8bgyO0LZ3.107","action":"GetUpdates", "result":"DeleteReceived", "context":{"id":"536414bf-7699-4b8a-af42-e639cbb7aa02", "isDeleted:":"true", "version":"1682838666047"}}
{"logTime": "0430/210322", "correlationVector":"QHoOnWKIalsPa8bgyO0LZ3.108","action":"GetUpdates", "result":"DeleteReceived", "context":{"id":"9369db8b-9a9b-4e70-a363-292b52cc5b51", "isDeleted:":"true", "version":"1682838803723"}}
{"logTime": "0430/210322", "correlationVector":"QHoOnWKIalsPa8bgyO0LZ3.109","action":"GetUpdates", "result":"DeleteReceived", "context":{"id":"9c5917ce-575f-4ebe-8ce0-08d36a0f5c24", "isDeleted:":"true", "version":"1682838803725"}}
{"logTime": "0430/210322", "correlationVector":"QHoOnWKIalsPa8bgyO0LZ3.110","action":"GetUpdates", "result":"DeleteReceived", "context":{"id":"5bc9634d-4d0b-4419-a5e8-0944a3da479a", "isDeleted:":"true", "version":"1682838847827"}}
{"logTime": "0430/210322", "correlationVector":"QHoOnWKIalsPa8bgyO0LZ3.111","action":"GetUpdates", "result":"DeleteReceived", "context":{"id":"f62cc6fe-ccb9-456d-9a50-323223ba88fd", "isDeleted:":"true", "version":"1682838847828"}}
{"logTime": "0430/210322", "correlationVector":"QHoOnWKIalsPa8bgyO0LZ3.112","action":"GetUpdates", "result":"DeleteReceived", "context":{"id":"13c158e7-728b-4508-b502-f7b1837e5bbe", "isDeleted:":"true", "version":"1682838847830"}}
{"logTime": "0430/210322", "correlationVector":"QHoOnWKIalsPa8bgyO0LZ3.113","action":"GetUpdates", "result":"DeleteReceived", "context":{"id":"4f55feb2-90b4-47f7-a8f7-d070c22e3e80", "isDeleted:":"true", "version":"1682838904300"}}
{"logTime": "0430/210322", "correlationVector":"QHoOnWKIalsPa8bgyO0LZ3.114","action":"GetUpdates", "result":"DeleteReceived", "context":{"id":"20f239e9-fab3-4f81-ba08-c64af7819d09", "isDeleted:":"true", "version":"1682839574864"}}
{"logTime": "0430/210322", "correlationVector":"QHoOnWKIalsPa8bgyO0LZ3.115","action":"GetUpdates", "result":"DeleteReceived", "context":{"id":"3fec841c-6839-41a5-bacf-64e1b001600a", "isDeleted:":"true", "version":"1682839625094"}}
{"logTime": "0430/210322", "correlationVector":"QHoOnWKIalsPa8bgyO0LZ3.116","action":"GetUpdates", "result":"DeleteReceived", "context":{"id":"3e7e562d-9976-4eaa-8ba9-4cff90ca16ef", "isDeleted:":"true", "version":"1682839985436"}}
{"logTime": "0430/210322", "correlationVector":"QHoOnWKIalsPa8bgyO0LZ3.117","action":"GetUpdates", "result":"DeleteReceived", "context":{"id":"64e08f11-08a6-43c8-839d-7ffd0ce86742", "isDeleted:":"true", "version":"1682839985437"}}
{"logTime": "0430/210322", "correlationVector":"QHoOnWKIalsPa8bgyO0LZ3.118","action":"GetUpdates", "result":"DeleteReceived", "context":{"id":"0736a157-7f96-405e-b98c-12e91c1cf3da", "isDeleted:":"true", "version":"1682840027170"}}
{"logTime": "0430/210322", "correlationVector":"QHoOnWKIalsPa8bgyO0LZ3.119","action":"GetUpdates", "result":"DeleteReceived", "context":{"id":"9495b923-1108-49f0-a3c5-f0034c900c61", "isDeleted:":"true", "version":"1682840027173"}}
{"logTime": "0430/210322", "correlationVector":"QHoOnWKIalsPa8bgyO0LZ3.120","action":"GetUpdates", "result":"DeleteReceived", "context":{"id":"7581f406-df8a-45f4-bff6-37c28d9ce935", "isDeleted:":"true", "version":"1682840027175"}}
{"logTime": "0430/210322", "correlationVector":"QHoOnWKIalsPa8bgyO0LZ3.121","action":"GetUpdates", "result":"DeleteReceived", "context":{"id":"960aa413-aaa1-425d-8289-95268d04d20a", "isDeleted:":"true", "version":"1682840062769"}}
{"logTime": "0430/210322", "correlationVector":"QHoOnWKIalsPa8bgyO0LZ3.122","action":"GetUpdates", "result":"DeleteReceived", "context":{"id":"491885f5-8860-45f5-a88a-c199afdbd76f", "isDeleted:":"true", "version":"1682840062770"}}
{"logTime": "0430/210322", "correlationVector":"QHoOnWKIalsPa8bgyO0LZ3.123","action":"GetUpdates", "result":"DeleteReceived", "context":{"id":"58323ac8-b1ab-4aa5-92df-46c2e8705230", "isDeleted:":"true", "version":"1682840368848"}}
{"logTime": "0430/210322", "correlationVector":"QHoOnWKIalsPa8bgyO0LZ3.124","action":"GetUpdates", "result":"DeleteReceived", "context":{"id":"84307b7c-1244-4665-9437-033c3db2bf72", "isDeleted:":"true", "version":"1682840598900"}}
{"logTime": "0430/210322", "correlationVector":"QHoOnWKIalsPa8bgyO0LZ3.125","action":"GetUpdates", "result":"DeleteReceived", "context":{"id":"3cb226a9-c3d5-4415-a8bd-8ed95d5565d2", "isDeleted:":"true", "version":"1682840629726"}}
{"logTime": "0430/210322", "correlationVector":"QHoOnWKIalsPa8bgyO0LZ3.126","action":"GetUpdates", "result":"DeleteReceived", "context":{"id":"23e75139-6e62-4277-b53f-6a1ceab48f70", "isDeleted:":"true", "version":"1682840714527"}}
{"logTime": "0430/210322", "correlationVector":"QHoOnWKIalsPa8bgyO0LZ3.127","action":"GetUpdates", "result":"DeleteReceived", "context":{"id":"65347fe1-cc15-4da7-b7ed-bd9399a23504", "isDeleted:":"true", "version":"1682841438137"}}
{"logTime": "0430/210322", "correlationVector":"QHoOnWKIalsPa8bgyO0LZ3.128","action":"GetUpdates", "result":"DeleteReceived", "context":{"id":"5725b02a-23b4-430e-a539-127ce8e2b0b3", "isDeleted:":"true", "version":"1682841438138"}}
{"logTime": "0430/210322", "correlationVector":"QHoOnWKIalsPa8bgyO0LZ3.129","action":"GetUpdates", "result":"DeleteReceived", "context":{"id":"f65b0a11-1e6a-42b8-8cad-ffd90fb278f0", "isDeleted:":"true", "version":"1682841438139"}}
{"logTime": "0430/210322", "correlationVector":"QHoOnWKIalsPa8bgyO0LZ3.130","action":"GetUpdates", "result":"DeleteReceived", "context":{"id":"567ee569-be46-43b9-9e3f-dece12f8bbbc", "isDeleted:":"true", "version":"1682841438140"}}
{"logTime": "0430/210322", "correlationVector":"QHoOnWKIalsPa8bgyO0LZ3.131","action":"GetUpdates", "result":"DeleteReceived", "context":{"id":"f8964847-33e8-43f7-8199-6448b7e7fcc4", "isDeleted:":"true", "version":"1682841438142"}}
{"logTime": "0430/210322", "correlationVector":"QHoOnWKIalsPa8bgyO0LZ3.132","action":"GetUpdates", "result":"DeleteReceived", "context":{"id":"bafca58e-17c3-4c1e-a12c-cb25da6d026f", "isDeleted:":"true", "version":"1682841438143"}}
{"logTime": "0430/210322", "correlationVector":"QHoOnWKIalsPa8bgyO0LZ3.133","action":"GetUpdates", "result":"DeleteReceived", "context":{"id":"be518898-9e6f-4ed4-947a-0e663055fabd", "isDeleted:":"true", "version":"1682841651435"}}
{"logTime": "0430/210322", "correlationVector":"QHoOnWKIalsPa8bgyO0LZ3.134","action":"GetUpdates", "result":"DeleteReceived", "context":{"id":"ffce7dbd-02e7-48f6-b258-c650da4db260", "isDeleted:":"true", "version":"1682841651438"}}
{"logTime": "0430/210322", "correlationVector":"QHoOnWKIalsPa8bgyO0LZ3.135","action":"GetUpdates", "result":"DeleteReceived", "context":{"id":"5f030938-4bcb-40c3-a2d1-37c92e7386bd", "isDeleted:":"true", "version":"1682842090982"}}
{"logTime": "0430/210322", "correlationVector":"QHoOnWKIalsPa8bgyO0LZ3.136","action":"GetUpdates", "result":"DeleteReceived", "context":{"id":"4d5eef66-bc53-42b4-961a-b512e127a21f", "isDeleted:":"true", "version":"1682843150294"}}
{"logTime": "0430/210322", "correlationVector":"QHoOnWKIalsPa8bgyO0LZ3.137","action":"GetUpdates", "result":"DeleteReceived", "context":{"id":"9f53645f-f6bb-43bc-9e43-76c3219c745d", "isDeleted:":"true", "version":"1682843150296"}}
{"logTime": "0430/210322", "correlationVector":"QHoOnWKIalsPa8bgyO0LZ3.138","action":"GetUpdates", "result":"DeleteReceived", "context":{"id":"1de05bcb-d33f-4ab7-aec9-fcb7ae814611", "isDeleted:":"true", "version":"1682843150297"}}
{"logTime": "0430/210322", "correlationVector":"QHoOnWKIalsPa8bgyO0LZ3.139","action":"GetUpdates", "result":"DeleteReceived", "context":{"id":"3717cbdc-88c4-42e5-911d-e2e72efb2254", "isDeleted:":"true", "version":"1682846534216"}}
{"logTime": "0430/210322", "correlationVector":"QHoOnWKIalsPa8bgyO0LZ3.140","action":"GetUpdates", "result":"DeleteReceived", "context":{"id":"74cb5083-5e6e-4e73-8dc6-702121b7d615", "isDeleted:":"true", "version":"1682846625873"}}
{"logTime": "0430/210322", "correlationVector":"QHoOnWKIalsPa8bgyO0LZ3.141","action":"GetUpdates", "result":"DeleteReceived", "context":{"id":"9d82ecc5-9ea1-401c-8c3a-8401247f07e7", "isDeleted:":"true", "version":"1682846980071"}}
{"logTime": "0430/210322", "correlationVector":"QHoOnWKIalsPa8bgyO0LZ3.142","action":"GetUpdates", "result":"DeleteReceived", "context":{"id":"53657200-1fca-4251-8858-e38d5afe4fb9", "isDeleted:":"true", "version":"1682848987444"}}
{"logTime": "0430/210322", "correlationVector":"QHoOnWKIalsPa8bgyO0LZ3.143","action":"GetUpdates", "result":"DeleteReceived", "context":{"id":"ddc24d19-6bdd-4198-886d-f02a1f4b4379", "isDeleted:":"true", "version":"1682848987446"}}
{"logTime": "0430/210322", "correlationVector":"QHoOnWKIalsPa8bgyO0LZ3.144","action":"GetUpdates", "result":"DeleteReceived", "context":{"id":"c3d9d54d-140e-4f1f-bc9e-4a9641f5ea72", "isDeleted:":"true", "version":"1682848987448"}}
{"logTime": "0430/210322", "correlationVector":"QHoOnWKIalsPa8bgyO0LZ3.145","action":"GetUpdates", "result":"DeleteReceived", "context":{"id":"775ed8d0-5623-4ad1-a45d-6926dfaf3033", "isDeleted:":"true", "version":"1682848987450"}}
{"logTime": "0430/210322", "correlationVector":"QHoOnWKIalsPa8bgyO0LZ3.146","action":"GetUpdates", "result":"DeleteReceived", "context":{"id":"6edd626d-579a-4bf8-8167-45dad2f698ba", "isDeleted:":"true", "version":"1682848987451"}}
{"logTime": "0430/210322", "correlationVector":"QHoOnWKIalsPa8bgyO0LZ3.147","action":"GetUpdates", "result":"DeleteReceived", "context":{"id":"7290d339-571b-4e34-9d92-7011dcaec520", "isDeleted:":"true", "version":"1682849022156"}}
{"logTime": "0430/210322", "correlationVector":"QHoOnWKIalsPa8bgyO0LZ3.148","action":"GetUpdates", "result":"DeleteReceived", "context":{"id":"900dcf8e-b355-4507-85d9-1fd2678e1528", "isDeleted:":"true", "version":"1682849053069"}}
{"logTime": "0430/210322", "correlationVector":"QHoOnWKIalsPa8bgyO0LZ3.149","action":"GetUpdates", "result":"DeleteReceived", "context":{"id":"825330e1-3304-4a71-a7ee-f3d3671676dd", "isDeleted:":"true", "version":"1682857221710"}}
{"logTime": "0430/210322", "correlationVector":"QHoOnWKIalsPa8bgyO0LZ3.150","action":"GetUpdates", "result":"DeleteReceived", "context":{"id":"7585d7f1-6346-4370-a1d0-728136b8e83e", "isDeleted:":"true", "version":"1682857221712"}}
{"logTime": "0430/210322", "correlationVector":"QHoOnWKIalsPa8bgyO0LZ3.151","action":"GetUpdates", "result":"DeleteReceived", "context":{"id":"c285513a-91e2-4f27-a7d7-e923f9dea700", "isDeleted:":"true", "version":"1682857548501"}}
{"logTime": "0430/210322", "correlationVector":"QHoOnWKIalsPa8bgyO0LZ3.152","action":"GetUpdates", "result":"DeleteReceived", "context":{"id":"73beb99e-69e7-4057-b50c-a424c7894bdd", "isDeleted:":"true", "version":"1682857548503"}}
{"logTime": "0430/210322", "correlationVector":"QHoOnWKIalsPa8bgyO0LZ3.153","action":"GetUpdates", "result":"DeleteReceived", "context":{"id":"38a41936-04f2-419d-a29e-7a3870701760", "isDeleted:":"true", "version":"1682857548504"}}
{"logTime": "0430/210322", "correlationVector":"QHoOnWKIalsPa8bgyO0LZ3.154","action":"GetUpdates", "result":"DeleteReceived", "context":{"id":"e970d0ff-8e0d-4e0e-894d-3fd1708c1f0b", "isDeleted:":"true", "version":"1682860650630"}}
{"logTime": "0430/210322", "correlationVector":"QHoOnWKIalsPa8bgyO0LZ3.155","action":"GetUpdates", "result":"DeleteReceived", "context":{"id":"05c6f530-5bf4-45e7-839b-43f41a93fd01", "isDeleted:":"true", "version":"1682861824320"}}
{"logTime": "0430/210322", "correlationVector":"QHoOnWKIalsPa8bgyO0LZ3.156","action":"GetUpdates", "result":"DeleteReceived", "context":{"id":"fa3d3ba7-e213-4f3e-969d-c0c08ff32956", "isDeleted:":"true", "version":"1682862943638"}}
{"logTime": "0430/210322", "correlationVector":"QHoOnWKIalsPa8bgyO0LZ3.157","action":"GetUpdates", "result":"DeleteReceived", "context":{"id":"28472dea-1004-40d8-baa0-b59b011bb608", "isDeleted:":"true", "version":"1682864228421"}}
{"logTime": "0430/210322", "correlationVector":"QHoOnWKIalsPa8bgyO0LZ3.158","action":"GetUpdates", "result":"DeleteReceived", "context":{"id":"fd9a3feb-5f6d-47b3-a5ef-ca882284fdc2", "isDeleted:":"true", "version":"1682864228422"}}
{"logTime": "0430/210322", "correlationVector":"QHoOnWKIalsPa8bgyO0LZ3.159","action":"GetUpdates", "result":"DeleteReceived", "context":{"id":"ac3ea0d7-d93d-4fc6-908c-9c256961e84e", "isDeleted:":"true", "version":"1682864610567"}}
{"logTime": "0430/210322", "correlationVector":"QHoOnWKIalsPa8bgyO0LZ3.160","action":"GetUpdates", "result":"DeleteReceived", "context":{"id":"fea4cafa-1c35-47d9-a8e5-2658f318c17d", "isDeleted:":"true", "version":"1682864944395"}}
{"logTime": "0430/210322", "correlationVector":"QHoOnWKIalsPa8bgyO0LZ3.161","action":"GetUpdates", "result":"DeleteReceived", "context":{"id":"41fb9101-eda4-4077-a6cf-d62735c8f034", "isDeleted:":"true", "version":"1682864976992"}}
{"logTime": "0430/210322", "correlationVector":"QHoOnWKIalsPa8bgyO0LZ3.162","action":"GetUpdates", "result":"DeleteReceived", "context":{"id":"0441b048-d0fe-408c-a1fb-756cb4104b8f", "isDeleted:":"true", "version":"1682865672854"}}
{"logTime": "0430/210322", "correlationVector":"QHoOnWKIalsPa8bgyO0LZ3.163","action":"GetUpdates", "result":"DeleteReceived", "context":{"id":"0737f2ce-146c-46fe-80d6-f8a96ad66357", "isDeleted:":"true", "version":"1682869846261"}}
{"logTime": "0430/210322", "correlationVector":"QHoOnWKIalsPa8bgyO0LZ3.164","action":"GetUpdates", "result":"DeleteReceived", "context":{"id":"a35180b8-43b2-437b-8c9f-2be2f3513bf6", "isDeleted:":"true", "version":"1682870001838"}}
{"logTime": "0430/210322", "correlationVector":"QHoOnWKIalsPa8bgyO0LZ3.165","action":"GetUpdates", "result":"DeleteReceived", "context":{"id":"1619fac0-7836-4bdf-b35e-b1e07d900ba2", "isDeleted:":"true", "version":"1682870001839"}}
{"logTime": "0430/210322", "correlationVector":"QHoOnWKIalsPa8bgyO0LZ3.166","action":"GetUpdates", "result":"DeleteReceived", "context":{"id":"5354ed62-7a04-49b4-9b17-c32426001e0a", "isDeleted:":"true", "version":"1682870001841"}}
{"logTime": "0430/210322", "correlationVector":"QHoOnWKIalsPa8bgyO0LZ3.167","action":"GetUpdates", "result":"DeleteReceived", "context":{"id":"0c22b8e7-dab5-46db-a8b2-ee2bb454e1b1", "isDeleted:":"true", "version":"1682870001842"}}
{"logTime": "0430/210322", "correlationVector":"QHoOnWKIalsPa8bgyO0LZ3.168","action":"GetUpdates", "result":"DeleteReceived", "context":{"id":"4386b5a1-8a7e-4bf7-80e6-4be5508db1f4", "isDeleted:":"true", "version":"1682870001843"}}
{"logTime": "0430/210322", "correlationVector":"QHoOnWKIalsPa8bgyO0LZ3.169","action":"GetUpdates", "result":"DeleteReceived", "context":{"id":"8526f8fc-9ac6-4aef-b7db-7175a1250781", "isDeleted:":"true", "version":"1682870001844"}}
{"logTime": "0430/210322", "correlationVector":"QHoOnWKIalsPa8bgyO0LZ3.170","action":"GetUpdates", "result":"DeleteReceived", "context":{"id":"68d407f1-46ff-483e-a5d7-076f404e318c", "isDeleted:":"true", "version":"1682870001846"}}
{"logTime": "0430/210322", "correlationVector":"QHoOnWKIalsPa8bgyO0LZ3.171","action":"GetUpdates", "result":"DeleteReceived", "context":{"id":"a69e71ff-d7c1-4195-b407-ef07927afc49", "isDeleted:":"true", "version":"1682870001847"}}
{"logTime": "0430/210322", "correlationVector":"QHoOnWKIalsPa8bgyO0LZ3.172","action":"GetUpdates", "result":"DeleteReceived", "context":{"id":"c0620de9-109b-4d67-b3ca-b4782b4dcf38", "isDeleted:":"true", "version":"1682870001848"}}
{"logTime": "0430/210322", "correlationVector":"QHoOnWKIalsPa8bgyO0LZ3.173","action":"GetUpdates", "result":"DeleteReceived", "context":{"id":"4a5480ce-7b33-4330-84d7-4de64dde97fc", "isDeleted:":"true", "version":"1682870001849"}}
{"logTime": "0430/210322", "correlationVector":"QHoOnWKIalsPa8bgyO0LZ3.174","action":"GetUpdates", "result":"DeleteReceived", "context":{"id":"93c64677-829b-4993-b1f4-f89f5a531ed2", "isDeleted:":"true", "version":"1682870712013"}}
{"logTime": "0430/210322", "correlationVector":"QHoOnWKIalsPa8bgyO0LZ3.175","action":"GetUpdates", "result":"DeleteReceived", "context":{"id":"c188738f-cab4-4164-b4f1-8cc141700dda", "isDeleted:":"true", "version":"1682871240031"}}
{"logTime": "0430/210322", "correlationVector":"QHoOnWKIalsPa8bgyO0LZ3.176","action":"GetUpdates", "result":"DeleteReceived", "context":{"id":"14f83ef5-f959-45c4-9f00-b41aa260e2bf", "isDeleted:":"true", "version":"1682871240034"}}
{"logTime": "0430/210322", "correlationVector":"QHoOnWKIalsPa8bgyO0LZ3.177","action":"GetUpdates", "result":"DeleteReceived", "context":{"id":"e6f05ec9-09f1-44aa-bba3-1f01db4df873", "isDeleted:":"true", "version":"1682876015499"}}
{"logTime": "0430/210322", "correlationVector":"QHoOnWKIalsPa8bgyO0LZ3.178","action":"GetUpdates", "result":"DeleteReceived", "context":{"id":"d7bb8f76-6813-4d32-9757-2d06ca27df5c", "isDeleted:":"true", "version":"1682876015500"}}
{"logTime": "0430/210322", "correlationVector":"QHoOnWKIalsPa8bgyO0LZ3.179","action":"GetUpdates", "result":"DeleteReceived", "context":{"id":"03cccdf9-7921-433f-b6a1-37ee8ad4421e", "isDeleted:":"true", "version":"1682876015504"}}
{"logTime": "0430/210322", "correlationVector":"QHoOnWKIalsPa8bgyO0LZ3.180","action":"GetUpdates", "result":"DeleteReceived", "context":{"id":"b64d87c1-218d-413d-a5a6-853ba582c4b1", "isDeleted:":"true", "version":"1682876015505"}}
{"logTime": "0430/210322", "correlationVector":"QHoOnWKIalsPa8bgyO0LZ3.181","action":"GetUpdates", "result":"DeleteReceived", "context":{"id":"62f220ae-825e-43c4-b86a-73abaa9badd5", "isDeleted:":"true", "version":"1682876079721"}}
{"logTime": "0430/210322", "correlationVector":"QHoOnWKIalsPa8bgyO0LZ3.182","action":"GetUpdates", "result":"DeleteReceived", "context":{"id":"1d1ac81c-a360-4788-9e19-fdc4753c1468", "isDeleted:":"true", "version":"1682876079722"}}
{"logTime": "0430/210322", "correlationVector":"QHoOnWKIalsPa8bgyO0LZ3.183","action":"GetUpdates", "result":"DeleteReceived", "context":{"id":"3ec76182-7472-4696-9407-9d41b16c8813", "isDeleted:":"true", "version":"1682876143511"}}
{"logTime": "0430/210322", "correlationVector":"QHoOnWKIalsPa8bgyO0LZ3.184","action":"GetUpdates", "result":"DeleteReceived", "context":{"id":"6ce1d0d7-6e9d-4c9e-b391-4903965de654", "isDeleted:":"true", "version":"1682876143512"}}
{"logTime": "0430/210322", "correlationVector":"QHoOnWKIalsPa8bgyO0LZ3.185","action":"GetUpdates", "result":"DeleteReceived", "context":{"id":"7d3bb8c4-745c-40a9-9584-d3045bf3cc26", "isDeleted:":"true", "version":"1682876400465"}}
{"logTime": "0430/210322", "correlationVector":"QHoOnWKIalsPa8bgyO0LZ3.186","action":"GetUpdates", "result":"DeleteReceived", "context":{"id":"032a4ec3-8145-49ea-90cf-9ebd66e0e1d5", "isDeleted:":"true", "version":"1682877818500"}}
{"logTime": "0430/210322", "correlationVector":"QHoOnWKIalsPa8bgyO0LZ3.187","action":"GetUpdates", "result":"DeleteReceived", "context":{"id":"07e1d31f-1156-4a50-8c28-629855aa9124", "isDeleted:":"true", "version":"1682880061426"}}
{"logTime": "0430/210322", "correlationVector":"QHoOnWKIalsPa8bgyO0LZ3.188","action":"GetUpdates", "result":"DeleteReceived", "context":{"id":"4aa392a2-eabf-4b69-9083-77fbeda1b8a4", "isDeleted:":"true", "version":"1682880061427"}}
{"logTime": "0430/210322", "correlationVector":"QHoOnWKIalsPa8bgyO0LZ3.189","action":"GetUpdates", "result":"DeleteReceived", "context":{"id":"a10a1545-667c-4273-957f-0050f7de1150", "isDeleted:":"true", "version":"1682880985712"}}
{"logTime": "0430/210322", "correlationVector":"QHoOnWKIalsPa8bgyO0LZ3.190","action":"GetUpdates", "result":"DeleteReceived", "context":{"id":"c5455fef-55cc-46f8-9b05-5f093a1c8505", "isDeleted:":"true", "version":"1682881472374"}}
{"logTime": "0430/210322", "correlationVector":"QHoOnWKIalsPa8bgyO0LZ3.191","action":"GetUpdates", "result":"DeleteReceived", "context":{"id":"7b1a926d-2bad-4203-a265-730f64cac4ab", "isDeleted:":"true", "version":"1682883766022"}}
{"logTime": "0430/210322", "correlationVector":"QHoOnWKIalsPa8bgyO0LZ3.192","action":"GetUpdates", "result":"DeleteReceived", "context":{"id":"280a0c46-d36b-4362-a4e1-d53d7316f9c9", "isDeleted:":"true", "version":"1682883766024"}}
{"logTime": "0430/210322", "correlationVector":"QHoOnWKIalsPa8bgyO0LZ3.193","action":"GetUpdates", "result":"DeleteReceived", "context":{"id":"ef8f47ec-c0c3-4bbd-9899-e3082e501885", "isDeleted:":"true", "version":"1682883800195"}}
{"logTime": "0430/210322", "correlationVector":"QHoOnWKIalsPa8bgyO0LZ3.194","action":"GetUpdates", "result":"DeleteReceived", "context":{"id":"cfdb8ecc-5eb4-4635-b75c-7fc91d3ddcde", "isDeleted:":"true", "version":"1682883800196"}}
{"logTime": "0430/210322", "correlationVector":"QHoOnWKIalsPa8bgyO0LZ3.195","action":"GetUpdates", "result":"DeleteReceived", "context":{"id":"e489ae61-97eb-46e4-a740-516e760448b3", "isDeleted:":"true", "version":"1682884861591"}}
{"logTime": "0430/210322", "correlationVector":"QHoOnWKIalsPa8bgyO0LZ3.196","action":"GetUpdates", "result":"DeleteReceived", "context":{"id":"40caa880-9720-4033-8cdd-36605a6e1748", "isDeleted:":"true", "version":"1682884861592"}}
{"logTime": "0430/210322", "correlationVector":"QHoOnWKIalsPa8bgyO0LZ3.197","action":"GetUpdates", "result":"DeleteReceived", "context":{"id":"88af1d65-986f-4159-8894-c823d54d43e5", "isDeleted:":"true", "version":"1682885641602"}}
{"logTime": "0430/210322", "correlationVector":"QHoOnWKIalsPa8bgyO0LZ3.198","action":"GetUpdates", "result":"DeleteReceived", "context":{"id":"63d6e54c-b268-4241-868c-a63ebdc3e4ae", "isDeleted:":"true", "version":"1682885919875"}}
{"logTime": "0430/210322", "correlationVector":"QHoOnWKIalsPa8bgyO0LZ3.199","action":"GetUpdates", "result":"DeleteReceived", "context":{"id":"94d4821a-a1ce-436d-8e1d-d1752cd71a78", "isDeleted:":"true", "version":"1682885919876"}}
{"logTime": "0430/210322", "correlationVector":"QHoOnWKIalsPa8bgyO0LZ3.200","action":"GetUpdates", "result":"DeleteReceived", "context":{"id":"d66f78b9-6aab-45bc-8998-ca6c6293e435", "isDeleted:":"true", "version":"1682885919877"}}
{"logTime": "0430/210322", "correlationVector":"QHoOnWKIalsPa8bgyO0LZ3.201","action":"GetUpdates", "result":"DeleteReceived", "context":{"id":"bf0a58e4-e0b1-4b0c-8d2b-26ace670ef56", "isDeleted:":"true", "version":"1682885919878"}}
{"logTime": "0430/210322", "correlationVector":"QHoOnWKIalsPa8bgyO0LZ3.202","action":"GetUpdates", "result":"DeleteReceived", "context":{"id":"9e702719-51d5-450e-a3bb-f18045ad4f73", "isDeleted:":"true", "version":"1682885919879"}}
{"logTime": "0430/210322", "correlationVector":"QHoOnWKIalsPa8bgyO0LZ3.203","action":"GetUpdates", "result":"DeleteReceived", "context":{"id":"bafa198f-f1ae-49ec-803f-bb976d692c4f", "isDeleted:":"true", "version":"1682885919881"}}
{"logTime": "0430/210322", "correlationVector":"QHoOnWKIalsPa8bgyO0LZ3.204","action":"GetUpdates", "result":"DeleteReceived", "context":{"id":"09341c24-e8cc-4738-a9d3-5226eca7232e", "isDeleted:":"true", "version":"1682885919882"}}
{"logTime": "0430/210322", "correlationVector":"QHoOnWKIalsPa8bgyO0LZ3.205","action":"GetUpdates", "result":"DeleteReceived", "context":{"id":"e290a084-8955-4c19-a1da-156eca607cf3", "isDeleted:":"true", "version":"1682885919883"}}
{"logTime": "0430/210322", "correlationVector":"QHoOnWKIalsPa8bgyO0LZ3.206","action":"GetUpdates", "result":"DeleteReceived", "context":{"id":"e4b515dc-c3f1-4b7f-bb6d-802ee56471ba", "isDeleted:":"true", "version":"1682885919884"}}
{"logTime": "0430/210322", "correlationVector":"QHoOnWKIalsPa8bgyO0LZ3.207","action":"GetUpdates", "result":"DeleteReceived", "context":{"id":"376214bb-7f8a-4f62-89a1-b939bf14e041", "isDeleted:":"true", "version":"1682885919885"}}
{"logTime": "0430/210322", "correlationVector":"QHoOnWKIalsPa8bgyO0LZ3.208","action":"GetUpdates", "result":"DeleteReceived", "context":{"id":"238376fb-c8ca-4dde-8e29-f4bca31a61e6", "isDeleted:":"true", "version":"1682886018226"}}
{"logTime": "0430/210322", "correlationVector":"QHoOnWKIalsPa8bgyO0LZ3.209","action":"GetUpdates", "result":"DeleteReceived", "context":{"id":"0f80d816-4512-456c-ba9e-a0a278a1b579", "isDeleted:":"true", "version":"1682886110027"}}
{"logTime": "0430/210322", "correlationVector":"QHoOnWKIalsPa8bgyO0LZ3.210","action":"GetUpdates", "result":"DeleteReceived", "context":{"id":"b4b26036-5d93-4014-8d93-a5b90a9565c2", "isDeleted:":"true", "version":"1682886422608"}}
{"logTime": "0430/210322", "correlationVector":"QHoOnWKIalsPa8bgyO0LZ3.211","action":"GetUpdates", "result":"DeleteReceived", "context":{"id":"b0a7c16e-9512-4603-83ef-0f6b4fa0d9e8", "isDeleted:":"true", "version":"1682886614859"}}
{"logTime": "0430/210322", "correlationVector":"QHoOnWKIalsPa8bgyO0LZ3.212","action":"GetUpdates", "result":"DeleteReceived", "context":{"id":"9ccb67ed-e9ae-4588-844a-fb81405e1159", "isDeleted:":"true", "version":"1682887120700"}}
{"logTime": "0430/210322", "correlationVector":"QHoOnWKIalsPa8bgyO0LZ3.213","action":"GetUpdates", "result":"DeleteReceived", "context":{"id":"a3c7f91c-9af4-4312-9d92-46055352c237", "isDeleted:":"true", "version":"1682887371517"}}
{"logTime": "0430/210322", "correlationVector":"QHoOnWKIalsPa8bgyO0LZ3.214","action":"GetUpdates", "result":"DeleteReceived", "context":{"id":"74bf9f19-8fce-4f74-ba9c-11ba3593a36c", "isDeleted:":"true", "version":"1682887408653"}}
{"logTime": "0430/210322", "correlationVector":"QHoOnWKIalsPa8bgyO0LZ3.215","action":"GetUpdates", "result":"DeleteReceived", "context":{"id":"0f6310dc-143f-4cd0-8d5c-2e930434302a", "isDeleted:":"true", "version":"1682887408654"}}
{"logTime": "0430/210322", "correlationVector":"QHoOnWKIalsPa8bgyO0LZ3.216","action":"GetUpdates", "result":"DeleteReceived", "context":{"id":"fae37d1a-9b94-40ea-92e1-cbf0768c1fd2", "isDeleted:":"true", "version":"1682887408655"}}
{"logTime": "0430/210322", "correlationVector":"QHoOnWKIalsPa8bgyO0LZ3.217","action":"GetUpdates", "result":"DeleteReceived", "context":{"id":"a4b6a7c4-b18a-4064-b158-ff84e31ae975", "isDeleted:":"true", "version":"1682887408657"}}
{"logTime": "0430/210322", "correlationVector":"QHoOnWKIalsPa8bgyO0LZ3.218","action":"GetUpdates Response", "result":"SERVER_MORE_TO_DOWNLOAD", "context":Received 250 update(s).  Some updates remain.}
{"logTime": "0430/210322", "correlationVector":"vVeGNduDMu8dJ4sQTv3ZUD","action":"Normal GetUpdate request", "result":"", "context":cV=vVeGNduDMu8dJ4sQTv3ZUD
Nudged types: Sessions}
{"logTime": "0430/210322", "correlationVector":"vVeGNduDMu8dJ4sQTv3ZUD.1","action":"SyncServerConnectionManagerRequest", "result":"SYNC_SERVER_OK", "context":{"environment":"Prod_SoutheastAsia_000j", "migrationStage":"NotStarted", "server":"GENERAL0100000X"}}
{"logTime": "0430/210322", "correlationVector":"vVeGNduDMu8dJ4sQTv3ZUD.2","action":"GetUpdates", "result":"DeleteReceived", "context":{"id":"0b628749-9b06-4ce9-93c7-1f478e8af3a3", "isDeleted:":"true", "version":"1682887408659"}}
{"logTime": "0430/210322", "correlationVector":"vVeGNduDMu8dJ4sQTv3ZUD.3","action":"GetUpdates", "result":"DeleteReceived", "context":{"id":"d50dd182-67df-46ff-b6b6-e693c9d1607d", "isDeleted:":"true", "version":"1682887408661"}}
{"logTime": "0430/210322", "correlationVector":"vVeGNduDMu8dJ4sQTv3ZUD.4","action":"GetUpdates", "result":"DeleteReceived", "context":{"id":"d03af2b0-c3a5-4e1e-a1a9-591234dfb3a0", "isDeleted:":"true", "version":"1682887462358"}}
{"logTime": "0430/210322", "correlationVector":"vVeGNduDMu8dJ4sQTv3ZUD.5","action":"GetUpdates", "result":"DeleteReceived", "context":{"id":"4bbb6a86-2c56-4cff-b3c6-aa04ea578733", "isDeleted:":"true", "version":"1682887462360"}}
{"logTime": "0430/210322", "correlationVector":"vVeGNduDMu8dJ4sQTv3ZUD.6","action":"GetUpdates", "result":"DeleteReceived", "context":{"id":"3be6df29-1deb-4c35-bcd2-2e2009bef2ba", "isDeleted:":"true", "version":"1682888402261"}}
{"logTime": "0430/210322", "correlationVector":"vVeGNduDMu8dJ4sQTv3ZUD.7","action":"GetUpdates", "result":"DeleteReceived", "context":{"id":"971e368e-88d0-4a80-a3f2-dc350b604bf7", "isDeleted:":"true", "version":"1682888402262"}}
{"logTime": "0430/210322", "correlationVector":"vVeGNduDMu8dJ4sQTv3ZUD.8","action":"GetUpdates", "result":"DeleteReceived", "context":{"id":"982e8c0c-0c48-4f4b-8b67-33248bb56af0", "isDeleted:":"true", "version":"1682888402264"}}
{"logTime": "0430/210322", "correlationVector":"vVeGNduDMu8dJ4sQTv3ZUD.9","action":"GetUpdates", "result":"DeleteReceived", "context":{"id":"259b18d9-ccba-4e23-ba97-5a5fe659c5f4", "isDeleted:":"true", "version":"1682888402265"}}
{"logTime": "0430/210322", "correlationVector":"vVeGNduDMu8dJ4sQTv3ZUD.10","action":"GetUpdates", "result":"DeleteReceived", "context":{"id":"4250ee7a-a346-424e-8e29-b45a2f924662", "isDeleted:":"true", "version":"1682888402266"}}
{"logTime": "0430/210322", "correlationVector":"vVeGNduDMu8dJ4sQTv3ZUD.11","action":"GetUpdates Response", "result":"SYNCER_OK", "context":Received 23 update(s). cV=vVeGNduDMu8dJ4sQTv3ZUD.0;server=GENERAL0100000X;cloudType=Consumer;environment=Prod_SoutheastAsia_000j;migrationStage=NotStarted}
{"logTime": "0430/210322", "correlationVector":"1DctQETlNiYIFaCnBgjbaM","action":"Commit Request", "result":"", "context":Item count: 2
Contributing types: Sessions}
{"logTime": "0430/210323", "correlationVector":"1DctQETlNiYIFaCnBgjbaM.1","action":"SyncServerConnectionManagerRequest", "result":"SYNC_SERVER_OK", "context":{"environment":"Prod_SoutheastAsia_000j", "migrationStage":"NotStarted", "server":"GENERAL0100001B"}}
{"logTime": "0430/210323", "correlationVector":"1DctQETlNiYIFaCnBgjbaM.3","action":"Commit.Sessions", "result":"Success", "context":{"id":"928d7238-146e-457f-abda-6e2152c798ec", "isDeleted":"true", "size":"0", "version":"1682888546216"}}
{"logTime": "0430/210323", "correlationVector":"1DctQETlNiYIFaCnBgjbaM.2","action":"Commit Response", "result":"SYNCER_OK", "context":Result: SYNCER_OK. cV=1DctQETlNiYIFaCnBgjbaM.0;server=GENERAL0100001B;cloudType=Consumer;environment=Prod_SoutheastAsia_000j;migrationStage=NotStarted}
{"logTime": "0430/210323", "correlationVector":"FRG9WL6Lrg6RH4nPzXOJSB","action":"Initial GetUpdates", "result":"", "context":Reason: NEWLY_SUPPORTED_DATATYPE. cV=FRG9WL6Lrg6RH4nPzXOJSB}
{"logTime": "0430/210324", "correlationVector":"FRG9WL6Lrg6RH4nPzXOJSB.1","action":"SyncServerConnectionManagerRequest", "result":"SYNC_SERVER_OK", "context":{"environment":"Prod_SoutheastAsia_000j", "migrationStage":"NotStarted", "server":"GENERAL0100000Y"}}
{"logTime": "0430/210324", "correlationVector":"FRG9WL6Lrg6RH4nPzXOJSB.2","action":"GetUpdates", "result":"DeleteReceived", "context":{"id":"4ec6def1-2767-4b01-90b4-c8c2ab349531", "isDeleted:":"true", "version":"1679229190122"}}
{"logTime": "0430/210324", "correlationVector":"FRG9WL6Lrg6RH4nPzXOJSB.3","action":"GetUpdates", "result":"DeleteReceived", "context":{"id":"406a0a79-f32e-447b-a2c0-33201245e828", "isDeleted:":"true", "version":"1679229192925"}}
{"logTime": "0430/210324", "correlationVector":"FRG9WL6Lrg6RH4nPzXOJSB.4","action":"GetUpdates", "result":"DeleteReceived", "context":{"id":"34150db8-9e67-40d5-8f48-8686c682e0f2", "isDeleted:":"true", "version":"1679229194431"}}
{"logTime": "0430/210324", "correlationVector":"FRG9WL6Lrg6RH4nPzXOJSB.5","action":"GetUpdates", "result":"DeleteReceived", "context":{"id":"b448f4e8-ce6a-4c18-9116-becd5aaeaa72", "isDeleted:":"true", "version":"1679229195689"}}
{"logTime": "0430/210324", "correlationVector":"FRG9WL6Lrg6RH4nPzXOJSB.6","action":"GetUpdates", "result":"DeleteReceived", "context":{"id":"bee901b1-fb32-4724-85cf-54896f2a2a4c", "isDeleted:":"true", "version":"1679229195696"}}
{"logTime": "0430/210324", "correlationVector":"FRG9WL6Lrg6RH4nPzXOJSB.7","action":"GetUpdates", "result":"DeleteReceived", "context":{"id":"bdb8979b-dc5d-4b3f-8cb5-ca46ea19f3b0", "isDeleted:":"true", "version":"1680094605968"}}
{"logTime": "0430/210324", "correlationVector":"FRG9WL6Lrg6RH4nPzXOJSB.8","action":"GetUpdates", "result":"DeleteReceived", "context":{"id":"2e72e3a8-f680-47c5-af6e-7737626d130d", "isDeleted:":"true", "version":"1680545430272"}}
{"logTime": "0430/210324", "correlationVector":"FRG9WL6Lrg6RH4nPzXOJSB.9","action":"GetUpdates Response", "result":"SYNCER_OK", "context":Received 160 update(s). cV=FRG9WL6Lrg6RH4nPzXOJSB.0;server=GENERAL0100000Y;cloudType=Consumer;environment=Prod_SoutheastAsia_000j;migrationStage=NotStarted}
{"logTime": "0430/210324", "correlationVector":"0PFRmx0UcWAWBbyDVecGCE","action":"Normal GetUpdate request", "result":"", "context":cV=0PFRmx0UcWAWBbyDVecGCE
Nudged types: Sessions
Notified types: Typed URLs
Refresh requested types: Bookmarks, Preferences, Passwords, Autofill, Autofill Custom Data, Typed URLs, Extensions, Sessions, Extension settings, History Delete Directives, Device Info, User Consents, Send Tab To Self, Web Apps, Collection, Edge E Drop, Encryption Keys}
{"logTime": "0430/210325", "correlationVector":"0PFRmx0UcWAWBbyDVecGCE.1","action":"SyncServerConnectionManagerRequest", "result":"SYNC_SERVER_OK", "context":{"environment":"Prod_SoutheastAsia_000j", "migrationStage":"NotStarted", "server":"GENERAL0100000X"}}
{"logTime": "0430/210325", "correlationVector":"0PFRmx0UcWAWBbyDVecGCE.2","action":"GetUpdates", "result":"DeleteReceived", "context":{"id":"928d7238-146e-457f-abda-6e2152c798ec", "isDeleted:":"true", "version":"1682888605830"}}
{"logTime": "0430/210325", "correlationVector":"0PFRmx0UcWAWBbyDVecGCE.3","action":"GetUpdates Response", "result":"SYNCER_OK", "context":Received 2 update(s). cV=0PFRmx0UcWAWBbyDVecGCE.0;server=GENERAL0100000X;cloudType=Consumer;environment=Prod_SoutheastAsia_000j;migrationStage=NotStarted}
